Log file open, 06/01/22 22:31:15
LogWindows: Failed to load 'aqProf.dll' (GetLastError=126)
LogWindows: File 'aqProf.dll' does not exist
LogWindows: Failed to load 'VtuneApi.dll' (GetLastError=126)
LogWindows: File 'VtuneApi.dll' does not exist
LogWindows: Failed to load 'VtuneApi32e.dll' (GetLastError=126)
LogWindows: File 'VtuneApi32e.dll' does not exist
LogConsoleResponse: Display: Failed to find resolution value strings in scalability ini. Falling back to default.
LogInit: Display: Running engine for game: Spy_Ball
LogPlatformFile: Not using cached read wrapper
LogTaskGraph: Started task graph with 5 named threads and 35 total threads with 3 sets of task threads.
LogStats: Stats thread started at 0.066096
LogD3D11RHI: Loaded GFSDK_Aftermath_Lib.x64.dll
LogICUInternationalization: ICU TimeZone Detection - Raw Offset: +9:00, Platform Override: ''
LogPluginManager: Mounting plugin Paper2D
LogPluginManager: Mounting plugin AISupport
LogPluginManager: Mounting plugin LightPropagationVolume
LogPluginManager: Mounting plugin ActorLayerUtilities
LogPluginManager: Mounting plugin AnimationSharing
LogPluginManager: Mounting plugin CLionSourceCodeAccess
LogPluginManager: Mounting plugin CodeLiteSourceCodeAccess
LogPluginManager: Mounting plugin GitSourceControl
LogPluginManager: Mounting plugin KDevelopSourceCodeAccess
LogPluginManager: Mounting plugin NullSourceCodeAccess
LogPluginManager: Mounting plugin PerforceSourceControl
LogPluginManager: Mounting plugin PlasticSourceControl
LogPluginManager: Mounting plugin SubversionSourceControl
LogPluginManager: Mounting plugin UObjectPlugin
LogPluginManager: Mounting plugin VisualStudioCodeSourceCodeAccess
LogPluginManager: Mounting plugin VisualStudioSourceCodeAccess
LogPluginManager: Mounting plugin XCodeSourceCodeAccess
LogPluginManager: Mounting plugin AssetManagerEditor
LogPluginManager: Mounting plugin CryptoKeys
LogPluginManager: Mounting plugin CurveEditorTools
LogPluginManager: Mounting plugin DataValidation
LogPluginManager: Mounting plugin FacialAnimation
LogPluginManager: Mounting plugin GameplayTagsEditor
LogPluginManager: Mounting plugin MacGraphicsSwitching
LogPluginManager: Mounting plugin MaterialAnalyzer
LogPluginManager: Mounting plugin MobileLauncherProfileWizard
LogPluginManager: Mounting plugin PluginBrowser
LogPluginManager: Mounting plugin SpeedTreeImporter
LogPluginManager: Mounting plugin DatasmithContent
LogPluginManager: Mounting plugin VariantManagerContent
LogPluginManager: Mounting plugin AlembicImporter
LogPluginManager: Mounting plugin AutomationUtils
LogPluginManager: Mounting plugin BackChannel
LogPluginManager: Mounting plugin CharacterAI
LogPluginManager: Mounting plugin GeometryCache
LogPluginManager: Mounting plugin PlatformCrypto
LogPluginManager: Mounting plugin ProxyLODPlugin
LogPluginManager: Mounting plugin SkeletalReduction
LogPluginManager: Mounting plugin MagicLeap
LogPluginManager: Mounting plugin MagicLeapMedia
LogPluginManager: Mounting plugin MLSDK
LogPluginManager: Mounting plugin AndroidMedia
LogPluginManager: Mounting plugin AvfMedia
LogPluginManager: Mounting plugin ImgMedia
LogPluginManager: Mounting plugin MediaCompositing
LogPluginManager: Mounting plugin MediaPlayerEditor
LogPluginManager: Mounting plugin WebMMedia
LogPluginManager: Mounting plugin WmfMedia
LogPluginManager: Mounting plugin TcpMessaging
LogPluginManager: Mounting plugin UdpMessaging
LogPluginManager: Mounting plugin ActorSequence
LogPluginManager: Mounting plugin LevelSequenceEditor
LogPluginManager: Mounting plugin MatineeToLevelSequence
LogPluginManager: Mounting plugin NetcodeUnitTest
LogPluginManager: Mounting plugin NUTUnrealEngine4
LogPluginManager: Mounting plugin OnlineSubsystemGooglePlay
LogPluginManager: Mounting plugin OnlineSubsystemIOS
LogPluginManager: Mounting plugin OnlineSubsystem
LogPluginManager: Mounting plugin OnlineSubsystemNull
LogPluginManager: Mounting plugin OnlineSubsystemUtils
LogPluginManager: Mounting plugin LauncherChunkInstaller
LogPluginManager: Mounting plugin AndroidDeviceProfileSelector
LogPluginManager: Mounting plugin AndroidMoviePlayer
LogPluginManager: Mounting plugin AndroidPermission
LogPluginManager: Mounting plugin AppleImageUtils
LogPluginManager: Mounting plugin AppleMoviePlayer
LogPluginManager: Mounting plugin ArchVisCharacter
LogPluginManager: Mounting plugin AssetTags
LogPluginManager: Mounting plugin AudioCapture
LogPluginManager: Mounting plugin CableComponent
LogPluginManager: Mounting plugin CustomMeshComponent
LogPluginManager: Mounting plugin EditableMesh
LogPluginManager: Mounting plugin ExampleDeviceProfileSelector
LogPluginManager: Mounting plugin GoogleCloudMessaging
LogPluginManager: Mounting plugin IOSDeviceProfileSelector
LogPluginManager: Mounting plugin LinuxDeviceProfileSelector
LogPluginManager: Mounting plugin LocationServicesBPLibrary
LogPluginManager: Mounting plugin MobilePatchingUtils
LogPluginManager: Mounting plugin OculusVR
LogPluginManager: Mounting plugin PhysXVehicles
LogPluginManager: Mounting plugin PostSplashScreen
LogPluginManager: Mounting plugin ProceduralMeshComponent
LogPluginManager: Mounting plugin RuntimePhysXCooking
LogPluginManager: Mounting plugin SignificanceManager
LogPluginManager: Mounting plugin SteamVR
LogPluginManager: Mounting plugin WebMMoviePlayer
LogPluginManager: Mounting plugin WindowsMoviePlayer
LogPluginManager: Mounting plugin ScreenshotTools
LogInit: Using libcurl 7.55.1-DEV
LogInit:  - built for x86_64-pc-win32
LogInit:  - supports SSL with OpenSSL/1.1.1
LogInit:  - supports HTTP deflate (compression) using libz 1.2.8
LogInit:  - other features:
LogInit:      CURL_VERSION_SSL
LogInit:      CURL_VERSION_LIBZ
LogInit:      CURL_VERSION_IPV6
LogInit:      CURL_VERSION_ASYNCHDNS
LogInit:      CURL_VERSION_LARGEFILE
LogInit:      CURL_VERSION_IDN
LogInit:  CurlRequestOptions (configurable via config and command line):
LogInit:  - bVerifyPeer = true  - Libcurl will verify peer certificate
LogInit:  - bUseHttpProxy = false  - Libcurl will NOT use HTTP proxy
LogInit:  - bDontReuseConnections = false  - Libcurl will reuse connections
LogInit:  - MaxHostConnections = 16  - Libcurl will limit the number of connections to a host
LogInit:  - LocalHostAddr = Default
LogInit:  - BufferSize = 65536
LogOnline: OSS: Creating online subsystem instance for: NULL
LogInit: WinSock: version 1.1 (2.2), MaxSocks=32767, MaxUdp=65467
LogOnline: OSS: TryLoadSubsystemAndSetDefault: Loaded subsystem for module [NULL]
LogInit: Build: ++UE4+Release-4.24-CL-11590370
LogInit: Engine Version: 4.24.3-11590370+++UE4+Release-4.24
LogInit: Compatible Engine Version: 4.24.0-10570792+++UE4+Release-4.24
LogInit: Net CL: 10570792
LogInit: OS: Windows 10 (Release 2009) (), CPU: Intel(R) Core(TM) i7-10750H CPU @ 2.60GHz, GPU: Intel(R) UHD Graphics
LogInit: Compiled (64-bit): Feb 24 2020 15:39:18
LogInit: Compiled with Visual C++: 19.16.27032.01
LogInit: Build Configuration: Development
LogInit: Branch Name: ++UE4+Release-4.24
LogInit: Command Line: 
LogInit: Base Directory: C:/Program Files/Epic Games/UE_4.24/Engine/Binaries/Win64/
LogInit: Installed Engine Build: 1
LogDevObjectVersion: Number of dev versions registered: 25
LogDevObjectVersion:   Dev-Blueprints (B0D832E4-1F89-4F0D-ACCF-7EB736FD4AA2): 10
LogDevObjectVersion:   Dev-Build (E1C64328-A22C-4D53-A36C-8E866417BD8C): 0
LogDevObjectVersion:   Dev-Core (375EC13C-06E4-48FB-B500-84F0262A717E): 3
LogDevObjectVersion:   Dev-Editor (E4B068ED-F494-42E9-A231-DA0B2E46BB41): 37
LogDevObjectVersion:   Dev-Framework (CFFC743F-43B0-4480-9391-14DF171D2073): 36
LogDevObjectVersion:   Dev-Mobile (B02B49B5-BB20-44E9-A304-32B752E40360): 2
LogDevObjectVersion:   Dev-Networking (A4E4105C-59A1-49B5-A7C5-40C4547EDFEE): 0
LogDevObjectVersion:   Dev-Online (39C831C9-5AE6-47DC-9A44-9C173E1C8E7C): 0
LogDevObjectVersion:   Dev-Physics (78F01B33-EBEA-4F98-B9B4-84EACCB95AA2): 2
LogDevObjectVersion:   Dev-Platform (6631380F-2D4D-43E0-8009-CF276956A95A): 0
LogDevObjectVersion:   Dev-Rendering (12F88B9F-8875-4AFC-A67C-D90C383ABD29): 36
LogDevObjectVersion:   Dev-Sequencer (7B5AE74C-D270-4C10-A958-57980B212A5A): 11
LogDevObjectVersion:   Dev-VR (D7296918-1DD6-4BDD-9DE2-64A83CC13884): 2
LogDevObjectVersion:   Dev-LoadTimes (C2A15278-BFE7-4AFE-6C17-90FF531DF755): 1
LogDevObjectVersion:   Private-Geometry (6EACA3D4-40EC-4CC1-B786-8BED09428FC5): 3
LogDevObjectVersion:   Dev-AnimPhys (29E575DD-E0A3-4627-9D10-D276232CDCEA): 17
LogDevObjectVersion:   Dev-Anim (AF43A65D-7FD3-4947-9873-3E8ED9C1BB05): 2
LogDevObjectVersion:   Dev-ReflectionCapture (6B266CEC-1EC7-4B8F-A30B-E4D90942FC07): 1
LogDevObjectVersion:   Dev-Automation (0DF73D61-A23F-47EA-B727-89E90C41499A): 1
LogDevObjectVersion:   FortniteMain (601D1886-AC64-4F84-AA16-D3DE0DEAC7D6): 31
LogDevObjectVersion:   Dev-Enterprise (9DFFBCD6-494F-0158-E221-12823C92A888): 8
LogDevObjectVersion:   Dev-Niagara (F2AED0AC-9AFE-416F-8664-AA7FFA26D6FC): 1
LogDevObjectVersion:   Dev-Destruction (174F1F0B-B4C6-45A5-B13F-2EE8D0FB917D): 9
LogDevObjectVersion:   Dev-Physics-Ext (35F94A83-E258-406C-A318-09F59610247C): 8
LogDevObjectVersion:   Dev-CineCamera (B2E18506-4273-CFC2-A54E-F4BB758BBA07): 1
LogInit: Presizing for max 25165824 objects, including 0 objects not considered by GC, pre-allocating 0 bytes for permanent pool.
LogInit: Object subsystem initialized
LogConfig: Setting CVar [[con.DebugEarlyDefault:1]]
LogConfig: Setting CVar [[r.setres:1280x720]]
[2022.06.01-13.31.16:212][  0]LogConfig: Setting CVar [[r.VSync:0]]
[2022.06.01-13.31.16:212][  0]LogConfig: Setting CVar [[r.RHICmdBypass:0]]
[2022.06.01-13.31.16:212][  0]LogConfig: Applying CVar settings from Section [/Script/Engine.RendererSettings] File [C:/Users/chash/Documents/GitHub/Spyball/Spy_Ball/Saved/Config/Windows/Engine.ini]
[2022.06.01-13.31.16:212][  0]LogConfig: Setting CVar [[r.GPUCrashDebugging:0]]
[2022.06.01-13.31.16:212][  0]LogConfig: Applying CVar settings from Section [/Script/Engine.RendererOverrideSettings] File [C:/Users/chash/Documents/GitHub/Spyball/Spy_Ball/Saved/Config/Windows/Engine.ini]
[2022.06.01-13.31.16:212][  0]LogConfig: Applying CVar settings from Section [/Script/Engine.StreamingSettings] File [C:/Users/chash/Documents/GitHub/Spyball/Spy_Ball/Saved/Config/Windows/Engine.ini]
[2022.06.01-13.31.16:212][  0]LogConfig: Setting CVar [[s.MinBulkDataSizeForAsyncLoading:131072]]
[2022.06.01-13.31.16:212][  0]LogConfig: Setting CVar [[s.AsyncLoadingThreadEnabled:0]]
[2022.06.01-13.31.16:212][  0]LogConfig: Setting CVar [[s.EventDrivenLoaderEnabled:1]]
[2022.06.01-13.31.16:212][  0]LogConfig: Setting CVar [[s.WarnIfTimeLimitExceeded:0]]
[2022.06.01-13.31.16:212][  0]LogConfig: Setting CVar [[s.TimeLimitExceededMultiplier:1.5]]
[2022.06.01-13.31.16:212][  0]LogConfig: Setting CVar [[s.TimeLimitExceededMinTime:0.005]]
[2022.06.01-13.31.16:212][  0]LogConfig: Setting CVar [[s.UseBackgroundLevelStreaming:1]]
[2022.06.01-13.31.16:212][  0]LogConfig: Setting CVar [[s.PriorityAsyncLoadingExtraTime:15.0]]
[2022.06.01-13.31.16:212][  0]LogConfig: Setting CVar [[s.LevelStreamingActorsUpdateTimeLimit:5.0]]
[2022.06.01-13.31.16:212][  0]LogConfig: Setting CVar [[s.PriorityLevelStreamingActorsUpdateExtraTime:5.0]]
[2022.06.01-13.31.16:212][  0]LogConfig: Setting CVar [[s.LevelStreamingComponentsRegistrationGranularity:10]]
[2022.06.01-13.31.16:212][  0]LogConfig: Setting CVar [[s.UnregisterComponentsTimeLimit:1.0]]
[2022.06.01-13.31.16:212][  0]LogConfig: Setting CVar [[s.LevelStreamingComponentsUnregistrationGranularity:5]]
[2022.06.01-13.31.16:212][  0]LogConfig: Setting CVar [[s.FlushStreamingOnExit:1]]
[2022.06.01-13.31.16:212][  0]LogConfig: Applying CVar settings from Section [/Script/Engine.GarbageCollectionSettings] File [C:/Users/chash/Documents/GitHub/Spyball/Spy_Ball/Saved/Config/Windows/Engine.ini]
[2022.06.01-13.31.16:212][  0]LogConfig: Setting CVar [[gc.MaxObjectsNotConsideredByGC:1]]
[2022.06.01-13.31.16:212][  0]LogConfig: Setting CVar [[gc.SizeOfPermanentObjectPool:0]]
[2022.06.01-13.31.16:212][  0]LogConfig: Setting CVar [[gc.FlushStreamingOnGC:0]]
[2022.06.01-13.31.16:212][  0]LogConfig: Setting CVar [[gc.NumRetriesBeforeForcingGC:10]]
[2022.06.01-13.31.16:212][  0]LogConfig: Setting CVar [[gc.AllowParallelGC:1]]
[2022.06.01-13.31.16:212][  0]LogConfig: Setting CVar [[gc.TimeBetweenPurgingPendingKillObjects:61.1]]
[2022.06.01-13.31.16:212][  0]LogConfig: Setting CVar [[gc.MaxObjectsInEditor:25165824]]
[2022.06.01-13.31.16:212][  0]LogConfig: Setting CVar [[gc.IncrementalBeginDestroyEnabled:1]]
[2022.06.01-13.31.16:212][  0]LogConfig: Setting CVar [[gc.CreateGCClusters:1]]
[2022.06.01-13.31.16:212][  0]LogConfig: Setting CVar [[gc.MinGCClusterSize:5]]
[2022.06.01-13.31.16:212][  0]LogConfig: Setting CVar [[gc.ActorClusteringEnabled:0]]
[2022.06.01-13.31.16:212][  0]LogConfig: Setting CVar [[gc.BlueprintClusteringEnabled:0]]
[2022.06.01-13.31.16:212][  0]LogConfig: Setting CVar [[gc.UseDisregardForGCOnDedicatedServers:0]]
[2022.06.01-13.31.16:212][  0]LogConfig: Applying CVar settings from Section [/Script/Engine.NetworkSettings] File [C:/Users/chash/Documents/GitHub/Spyball/Spy_Ball/Saved/Config/Windows/Engine.ini]
[2022.06.01-13.31.16:212][  0]LogConfig: Applying CVar settings from Section [/Script/UnrealEd.CookerSettings] File [C:/Users/chash/Documents/GitHub/Spyball/Spy_Ball/Saved/Config/Windows/Engine.ini]
[2022.06.01-13.31.16:214][  0]LogConfig: Applying CVar settings from Section [ViewDistanceQuality@3] File [C:/Users/chash/Documents/GitHub/Spyball/Spy_Ball/Saved/Config/Windows/Scalability.ini]
[2022.06.01-13.31.16:214][  0]LogConfig: Setting CVar [[r.SkeletalMeshLODBias:0]]
[2022.06.01-13.31.16:214][  0]LogConfig: Setting CVar [[r.ViewDistanceScale:1.0]]
[2022.06.01-13.31.16:214][  0]LogConfig: Applying CVar settings from Section [AntiAliasingQuality@3] File [C:/Users/chash/Documents/GitHub/Spyball/Spy_Ball/Saved/Config/Windows/Scalability.ini]
[2022.06.01-13.31.16:214][  0]LogConfig: Setting CVar [[r.PostProcessAAQuality:4]]
[2022.06.01-13.31.16:214][  0]LogConfig: Applying CVar settings from Section [ShadowQuality@3] File [C:/Users/chash/Documents/GitHub/Spyball/Spy_Ball/Saved/Config/Windows/Scalability.ini]
[2022.06.01-13.31.16:214][  0]LogConfig: Setting CVar [[r.LightFunctionQuality:1]]
[2022.06.01-13.31.16:214][  0]LogConfig: Setting CVar [[r.ShadowQuality:5]]
[2022.06.01-13.31.16:214][  0]LogConfig: Setting CVar [[r.Shadow.CSM.MaxCascades:10]]
[2022.06.01-13.31.16:214][  0]LogConfig: Setting CVar [[r.Shadow.MaxResolution:2048]]
[2022.06.01-13.31.16:214][  0]LogConfig: Setting CVar [[r.Shadow.MaxCSMResolution:2048]]
[2022.06.01-13.31.16:214][  0]LogConfig: Setting CVar [[r.Shadow.RadiusThreshold:0.01]]
[2022.06.01-13.31.16:214][  0]LogConfig: Setting CVar [[r.Shadow.DistanceScale:1.0]]
[2022.06.01-13.31.16:214][  0]LogConfig: Setting CVar [[r.Shadow.CSM.TransitionScale:1.0]]
[2022.06.01-13.31.16:214][  0]LogConfig: Setting CVar [[r.Shadow.PreShadowResolutionFactor:1.0]]
[2022.06.01-13.31.16:214][  0]LogConfig: Setting CVar [[r.DistanceFieldShadowing:1]]
[2022.06.01-13.31.16:214][  0]LogConfig: Setting CVar [[r.DistanceFieldAO:1]]
[2022.06.01-13.31.16:214][  0]LogConfig: Setting CVar [[r.AOQuality:2]]
[2022.06.01-13.31.16:214][  0]LogConfig: Setting CVar [[r.VolumetricFog:1]]
[2022.06.01-13.31.16:214][  0]LogConfig: Setting CVar [[r.VolumetricFog.GridPixelSize:8]]
[2022.06.01-13.31.16:214][  0]LogConfig: Setting CVar [[r.VolumetricFog.GridSizeZ:128]]
[2022.06.01-13.31.16:214][  0]LogConfig: Setting CVar [[r.VolumetricFog.HistoryMissSupersampleCount:4]]
[2022.06.01-13.31.16:215][  0]LogConfig: Setting CVar [[r.LightMaxDrawDistanceScale:1]]
[2022.06.01-13.31.16:215][  0]LogConfig: Setting CVar [[r.CapsuleShadows:1]]
[2022.06.01-13.31.16:215][  0]LogConfig: Applying CVar settings from Section [PostProcessQuality@3] File [C:/Users/chash/Documents/GitHub/Spyball/Spy_Ball/Saved/Config/Windows/Scalability.ini]
[2022.06.01-13.31.16:215][  0]LogConfig: Setting CVar [[r.MotionBlurQuality:4]]
[2022.06.01-13.31.16:215][  0]LogConfig: Setting CVar [[r.AmbientOcclusionMipLevelFactor:0.4]]
[2022.06.01-13.31.16:215][  0]LogConfig: Setting CVar [[r.AmbientOcclusionMaxQuality:100]]
[2022.06.01-13.31.16:215][  0]LogConfig: Setting CVar [[r.AmbientOcclusionLevels:-1]]
[2022.06.01-13.31.16:215][  0]LogConfig: Setting CVar [[r.AmbientOcclusionRadiusScale:1.0]]
[2022.06.01-13.31.16:215][  0]LogConfig: Setting CVar [[r.DepthOfFieldQuality:2]]
[2022.06.01-13.31.16:215][  0]LogConfig: Setting CVar [[r.RenderTargetPoolMin:400]]
[2022.06.01-13.31.16:215][  0]LogConfig: Setting CVar [[r.LensFlareQuality:2]]
[2022.06.01-13.31.16:215][  0]LogConfig: Setting CVar [[r.SceneColorFringeQuality:1]]
[2022.06.01-13.31.16:215][  0]LogConfig: Setting CVar [[r.EyeAdaptationQuality:2]]
[2022.06.01-13.31.16:215][  0]LogConfig: Setting CVar [[r.BloomQuality:5]]
[2022.06.01-13.31.16:215][  0]LogConfig: Setting CVar [[r.FastBlurThreshold:100]]
[2022.06.01-13.31.16:215][  0]LogConfig: Setting CVar [[r.Upscale.Quality:3]]
[2022.06.01-13.31.16:215][  0]LogConfig: Setting CVar [[r.Tonemapper.GrainQuantization:1]]
[2022.06.01-13.31.16:215][  0]LogConfig: Setting CVar [[r.LightShaftQuality:1]]
[2022.06.01-13.31.16:215][  0]LogConfig: Setting CVar [[r.Filter.SizeScale:1]]
[2022.06.01-13.31.16:215][  0]LogConfig: Setting CVar [[r.Tonemapper.Quality:5]]
[2022.06.01-13.31.16:215][  0]LogConfig: Setting CVar [[r.DOF.Gather.AccumulatorQuality:1        ; higher gathering accumulator quality]]
[2022.06.01-13.31.16:215][  0]LogConfig: Setting CVar [[r.DOF.Gather.PostfilterMethod:1          ; Median3x3 postfilering method]]
[2022.06.01-13.31.16:215][  0]LogConfig: Setting CVar [[r.DOF.Gather.EnableBokehSettings:0       ; no bokeh simulation when gathering]]
[2022.06.01-13.31.16:215][  0]LogConfig: Setting CVar [[r.DOF.Gather.RingCount:4                 ; medium number of samples when gathering]]
[2022.06.01-13.31.16:215][  0]LogConfig: Setting CVar [[r.DOF.Scatter.ForegroundCompositing:1    ; additive foreground scattering]]
[2022.06.01-13.31.16:215][  0]LogConfig: Setting CVar [[r.DOF.Scatter.BackgroundCompositing:2    ; additive background scattering]]
[2022.06.01-13.31.16:215][  0]LogConfig: Setting CVar [[r.DOF.Scatter.EnableBokehSettings:1      ; bokeh simulation when scattering]]
[2022.06.01-13.31.16:215][  0]LogConfig: Setting CVar [[r.DOF.Scatter.MaxSpriteRatio:0.1         ; only a maximum of 10% of scattered bokeh]]
[2022.06.01-13.31.16:215][  0]LogConfig: Setting CVar [[r.DOF.Recombine.Quality:1                ; cheap slight out of focus]]
[2022.06.01-13.31.16:215][  0]LogConfig: Setting CVar [[r.DOF.Recombine.EnableBokehSettings:0    ; no bokeh simulation on slight out of focus]]
[2022.06.01-13.31.16:215][  0]LogConfig: Setting CVar [[r.DOF.TemporalAAQuality:1                ; more stable temporal accumulation]]
[2022.06.01-13.31.16:215][  0]LogConfig: Setting CVar [[r.DOF.Kernel.MaxForegroundRadius:0.025]]
[2022.06.01-13.31.16:215][  0]LogConfig: Setting CVar [[r.DOF.Kernel.MaxBackgroundRadius:0.025]]
[2022.06.01-13.31.16:215][  0]LogConfig: Applying CVar settings from Section [TextureQuality@3] File [C:/Users/chash/Documents/GitHub/Spyball/Spy_Ball/Saved/Config/Windows/Scalability.ini]
[2022.06.01-13.31.16:215][  0]LogConfig: Setting CVar [[r.Streaming.MipBias:0]]
[2022.06.01-13.31.16:215][  0]LogConfig: Setting CVar [[r.Streaming.AmortizeCPUToGPUCopy:0]]
[2022.06.01-13.31.16:215][  0]LogConfig: Setting CVar [[r.Streaming.MaxNumTexturesToStreamPerFrame:0]]
[2022.06.01-13.31.16:215][  0]LogConfig: Setting CVar [[r.Streaming.Boost:1]]
[2022.06.01-13.31.16:215][  0]LogConfig: Setting CVar [[r.MaxAnisotropy:8]]
[2022.06.01-13.31.16:215][  0]LogConfig: Setting CVar [[r.VT.MaxAnisotropy:8]]
[2022.06.01-13.31.16:215][  0]LogConfig: Setting CVar [[r.Streaming.LimitPoolSizeToVRAM:0]]
[2022.06.01-13.31.16:215][  0]LogConfig: Setting CVar [[r.Streaming.PoolSize:1000]]
[2022.06.01-13.31.16:215][  0]LogConfig: Setting CVar [[r.Streaming.MaxEffectiveScreenSize:0]]
[2022.06.01-13.31.16:215][  0]LogConfig: Applying CVar settings from Section [EffectsQuality@3] File [C:/Users/chash/Documents/GitHub/Spyball/Spy_Ball/Saved/Config/Windows/Scalability.ini]
[2022.06.01-13.31.16:215][  0]LogConfig: Setting CVar [[r.TranslucencyLightingVolumeDim:64]]
[2022.06.01-13.31.16:215][  0]LogConfig: Setting CVar [[r.RefractionQuality:2]]
[2022.06.01-13.31.16:215][  0]LogConfig: Setting CVar [[r.SSR.Quality:3]]
[2022.06.01-13.31.16:215][  0]LogConfig: Setting CVar [[r.SSR.HalfResSceneColor:0]]
[2022.06.01-13.31.16:215][  0]LogConfig: Setting CVar [[r.SceneColorFormat:4]]
[2022.06.01-13.31.16:215][  0]LogConfig: Setting CVar [[r.DetailMode:2]]
[2022.06.01-13.31.16:215][  0]LogConfig: Setting CVar [[r.TranslucencyVolumeBlur:1]]
[2022.06.01-13.31.16:215][  0]LogConfig: Setting CVar [[r.MaterialQualityLevel:1 ; High quality]]
[2022.06.01-13.31.16:215][  0]LogConfig: Setting CVar [[r.SSS.Scale:1]]
[2022.06.01-13.31.16:215][  0]LogConfig: Setting CVar [[r.SSS.SampleSet:2]]
[2022.06.01-13.31.16:215][  0]LogConfig: Setting CVar [[r.SSS.Quality:1]]
[2022.06.01-13.31.16:215][  0]LogConfig: Setting CVar [[r.SSS.HalfRes:1]]
[2022.06.01-13.31.16:215][  0]LogConfig: Setting CVar [[r.SSGI.Quality:3]]
[2022.06.01-13.31.16:215][  0]LogConfig: Setting CVar [[r.EmitterSpawnRateScale:1.0]]
[2022.06.01-13.31.16:215][  0]LogConfig: Setting CVar [[r.ParticleLightQuality:2]]
[2022.06.01-13.31.16:215][  0]LogConfig: Setting CVar [[r.SkyAtmosphere.AerialPerspectiveLUT.FastApplyOnOpaque:1 ; Always have FastSkyLUT 1 in this case to avoid wrong sky]]
[2022.06.01-13.31.16:215][  0]LogConfig: Setting CVar [[r.SkyAtmosphere.AerialPerspectiveLUT.SampleCountPerSlice:1]]
[2022.06.01-13.31.16:215][  0]LogConfig: Setting CVar [[r.SkyAtmosphere.AerialPerspectiveLUT.DepthResolution:16.0]]
[2022.06.01-13.31.16:215][  0]LogConfig: Setting CVar [[r.SkyAtmosphere.FastSkyLUT:1]]
[2022.06.01-13.31.16:215][  0]LogConfig: Setting CVar [[r.SkyAtmosphere.FastSkyLUT.SampleCountMin:4.0]]
[2022.06.01-13.31.16:215][  0]LogConfig: Setting CVar [[r.SkyAtmosphere.FastSkyLUT.SampleCountMax:32.0]]
[2022.06.01-13.31.16:215][  0]LogConfig: Setting CVar [[r.SkyAtmosphere.SampleCountMin:4.0]]
[2022.06.01-13.31.16:215][  0]LogConfig: Setting CVar [[r.SkyAtmosphere.SampleCountMax:32.0]]
[2022.06.01-13.31.16:215][  0]LogConfig: Setting CVar [[r.SkyAtmosphere.TransmittanceLUT.UseSmallFormat:0]]
[2022.06.01-13.31.16:215][  0]LogConfig: Setting CVar [[r.SkyAtmosphere.TransmittanceLUT.SampleCount:10.0]]
[2022.06.01-13.31.16:215][  0]LogConfig: Setting CVar [[r.SkyAtmosphere.MultiScatteringLUT.SampleCount:15.0]]
[2022.06.01-13.31.16:215][  0]LogConfig: Applying CVar settings from Section [FoliageQuality@3] File [C:/Users/chash/Documents/GitHub/Spyball/Spy_Ball/Saved/Config/Windows/Scalability.ini]
[2022.06.01-13.31.16:215][  0]LogConfig: Setting CVar [[foliage.DensityScale:1.0]]
[2022.06.01-13.31.16:215][  0]LogConfig: Setting CVar [[grass.DensityScale:1.0]]
[2022.06.01-13.31.16:215][  0]LogConfig: Applying CVar settings from Section [ShadingQuality@3] File [C:/Users/chash/Documents/GitHub/Spyball/Spy_Ball/Saved/Config/Windows/Scalability.ini]
[2022.06.01-13.31.16:215][  0]LogConfig: Setting CVar [[r.HairStrands.SkyLighting.SampleCount:16]]
[2022.06.01-13.31.16:215][  0]LogConfig: Setting CVar [[r.HairStrands.SkyLighting.JitterIntegration:0]]
[2022.06.01-13.31.16:215][  0]LogConfig: Setting CVar [[r.HairStrands.SkyAO.SampleCount:16]]
[2022.06.01-13.31.16:215][  0]LogInit: Selected Device Profile: [Windows]
[2022.06.01-13.31.16:215][  0]LogInit: Applying CVar settings loaded from the selected device profile: [Windows]
[2022.06.01-13.31.16:218][  0]LogHAL: Display: Platform has ~ 16 GB [16987439104 / 17179869184 / 16], which maps to Larger [LargestMinGB=32, LargerMinGB=12, DefaultMinGB=8, SmallerMinGB=6, SmallestMinGB=0)
[2022.06.01-13.31.16:218][  0]LogInit: Going up to parent DeviceProfile []
[2022.06.01-13.31.16:218][  0]LogConfig: Applying CVar settings from Section [ViewDistanceQuality@3] File [C:/Users/chash/Documents/GitHub/Spyball/Spy_Ball/Saved/Config/Windows/Scalability.ini]
[2022.06.01-13.31.16:218][  0]LogConfig: Setting CVar [[r.SkeletalMeshLODBias:0]]
[2022.06.01-13.31.16:218][  0]LogConfig: Setting CVar [[r.ViewDistanceScale:1.0]]
[2022.06.01-13.31.16:218][  0]LogConfig: Applying CVar settings from Section [AntiAliasingQuality@3] File [C:/Users/chash/Documents/GitHub/Spyball/Spy_Ball/Saved/Config/Windows/Scalability.ini]
[2022.06.01-13.31.16:218][  0]LogConfig: Setting CVar [[r.PostProcessAAQuality:4]]
[2022.06.01-13.31.16:218][  0]LogConfig: Applying CVar settings from Section [ShadowQuality@3] File [C:/Users/chash/Documents/GitHub/Spyball/Spy_Ball/Saved/Config/Windows/Scalability.ini]
[2022.06.01-13.31.16:218][  0]LogConfig: Setting CVar [[r.LightFunctionQuality:1]]
[2022.06.01-13.31.16:218][  0]LogConfig: Setting CVar [[r.ShadowQuality:5]]
[2022.06.01-13.31.16:218][  0]LogConfig: Setting CVar [[r.Shadow.CSM.MaxCascades:10]]
[2022.06.01-13.31.16:218][  0]LogConfig: Setting CVar [[r.Shadow.MaxResolution:2048]]
[2022.06.01-13.31.16:218][  0]LogConfig: Setting CVar [[r.Shadow.MaxCSMResolution:2048]]
[2022.06.01-13.31.16:218][  0]LogConfig: Setting CVar [[r.Shadow.RadiusThreshold:0.01]]
[2022.06.01-13.31.16:218][  0]LogConfig: Setting CVar [[r.Shadow.DistanceScale:1.0]]
[2022.06.01-13.31.16:218][  0]LogConfig: Setting CVar [[r.Shadow.CSM.TransitionScale:1.0]]
[2022.06.01-13.31.16:218][  0]LogConfig: Setting CVar [[r.Shadow.PreShadowResolutionFactor:1.0]]
[2022.06.01-13.31.16:218][  0]LogConfig: Setting CVar [[r.DistanceFieldShadowing:1]]
[2022.06.01-13.31.16:218][  0]LogConfig: Setting CVar [[r.DistanceFieldAO:1]]
[2022.06.01-13.31.16:218][  0]LogConfig: Setting CVar [[r.AOQuality:2]]
[2022.06.01-13.31.16:218][  0]LogConfig: Setting CVar [[r.VolumetricFog:1]]
[2022.06.01-13.31.16:218][  0]LogConfig: Setting CVar [[r.VolumetricFog.GridPixelSize:8]]
[2022.06.01-13.31.16:218][  0]LogConfig: Setting CVar [[r.VolumetricFog.GridSizeZ:128]]
[2022.06.01-13.31.16:218][  0]LogConfig: Setting CVar [[r.VolumetricFog.HistoryMissSupersampleCount:4]]
[2022.06.01-13.31.16:218][  0]LogConfig: Setting CVar [[r.LightMaxDrawDistanceScale:1]]
[2022.06.01-13.31.16:218][  0]LogConfig: Setting CVar [[r.CapsuleShadows:1]]
[2022.06.01-13.31.16:218][  0]LogConfig: Applying CVar settings from Section [PostProcessQuality@3] File [C:/Users/chash/Documents/GitHub/Spyball/Spy_Ball/Saved/Config/Windows/Scalability.ini]
[2022.06.01-13.31.16:218][  0]LogConfig: Setting CVar [[r.MotionBlurQuality:4]]
[2022.06.01-13.31.16:218][  0]LogConfig: Setting CVar [[r.AmbientOcclusionMipLevelFactor:0.4]]
[2022.06.01-13.31.16:218][  0]LogConfig: Setting CVar [[r.AmbientOcclusionMaxQuality:100]]
[2022.06.01-13.31.16:218][  0]LogConfig: Setting CVar [[r.AmbientOcclusionLevels:-1]]
[2022.06.01-13.31.16:218][  0]LogConfig: Setting CVar [[r.AmbientOcclusionRadiusScale:1.0]]
[2022.06.01-13.31.16:218][  0]LogConfig: Setting CVar [[r.DepthOfFieldQuality:2]]
[2022.06.01-13.31.16:218][  0]LogConfig: Setting CVar [[r.RenderTargetPoolMin:400]]
[2022.06.01-13.31.16:218][  0]LogConfig: Setting CVar [[r.LensFlareQuality:2]]
[2022.06.01-13.31.16:218][  0]LogConfig: Setting CVar [[r.SceneColorFringeQuality:1]]
[2022.06.01-13.31.16:218][  0]LogConfig: Setting CVar [[r.EyeAdaptationQuality:2]]
[2022.06.01-13.31.16:218][  0]LogConfig: Setting CVar [[r.BloomQuality:5]]
[2022.06.01-13.31.16:218][  0]LogConfig: Setting CVar [[r.FastBlurThreshold:100]]
[2022.06.01-13.31.16:218][  0]LogConfig: Setting CVar [[r.Upscale.Quality:3]]
[2022.06.01-13.31.16:218][  0]LogConfig: Setting CVar [[r.Tonemapper.GrainQuantization:1]]
[2022.06.01-13.31.16:218][  0]LogConfig: Setting CVar [[r.LightShaftQuality:1]]
[2022.06.01-13.31.16:218][  0]LogConfig: Setting CVar [[r.Filter.SizeScale:1]]
[2022.06.01-13.31.16:218][  0]LogConfig: Setting CVar [[r.Tonemapper.Quality:5]]
[2022.06.01-13.31.16:218][  0]LogConfig: Setting CVar [[r.DOF.Gather.AccumulatorQuality:1        ; higher gathering accumulator quality]]
[2022.06.01-13.31.16:218][  0]LogConfig: Setting CVar [[r.DOF.Gather.PostfilterMethod:1          ; Median3x3 postfilering method]]
[2022.06.01-13.31.16:218][  0]LogConfig: Setting CVar [[r.DOF.Gather.EnableBokehSettings:0       ; no bokeh simulation when gathering]]
[2022.06.01-13.31.16:218][  0]LogConfig: Setting CVar [[r.DOF.Gather.RingCount:4                 ; medium number of samples when gathering]]
[2022.06.01-13.31.16:218][  0]LogConfig: Setting CVar [[r.DOF.Scatter.ForegroundCompositing:1    ; additive foreground scattering]]
[2022.06.01-13.31.16:219][  0]LogConfig: Setting CVar [[r.DOF.Scatter.BackgroundCompositing:2    ; additive background scattering]]
[2022.06.01-13.31.16:219][  0]LogConfig: Setting CVar [[r.DOF.Scatter.EnableBokehSettings:1      ; bokeh simulation when scattering]]
[2022.06.01-13.31.16:219][  0]LogConfig: Setting CVar [[r.DOF.Scatter.MaxSpriteRatio:0.1         ; only a maximum of 10% of scattered bokeh]]
[2022.06.01-13.31.16:219][  0]LogConfig: Setting CVar [[r.DOF.Recombine.Quality:1                ; cheap slight out of focus]]
[2022.06.01-13.31.16:219][  0]LogConfig: Setting CVar [[r.DOF.Recombine.EnableBokehSettings:0    ; no bokeh simulation on slight out of focus]]
[2022.06.01-13.31.16:219][  0]LogConfig: Setting CVar [[r.DOF.TemporalAAQuality:1                ; more stable temporal accumulation]]
[2022.06.01-13.31.16:219][  0]LogConfig: Setting CVar [[r.DOF.Kernel.MaxForegroundRadius:0.025]]
[2022.06.01-13.31.16:219][  0]LogConfig: Setting CVar [[r.DOF.Kernel.MaxBackgroundRadius:0.025]]
[2022.06.01-13.31.16:219][  0]LogConfig: Applying CVar settings from Section [TextureQuality@3] File [C:/Users/chash/Documents/GitHub/Spyball/Spy_Ball/Saved/Config/Windows/Scalability.ini]
[2022.06.01-13.31.16:219][  0]LogConfig: Setting CVar [[r.Streaming.MipBias:0]]
[2022.06.01-13.31.16:219][  0]LogConfig: Setting CVar [[r.Streaming.AmortizeCPUToGPUCopy:0]]
[2022.06.01-13.31.16:219][  0]LogConfig: Setting CVar [[r.Streaming.MaxNumTexturesToStreamPerFrame:0]]
[2022.06.01-13.31.16:219][  0]LogConfig: Setting CVar [[r.Streaming.Boost:1]]
[2022.06.01-13.31.16:219][  0]LogConfig: Setting CVar [[r.MaxAnisotropy:8]]
[2022.06.01-13.31.16:219][  0]LogConfig: Setting CVar [[r.VT.MaxAnisotropy:8]]
[2022.06.01-13.31.16:219][  0]LogConfig: Setting CVar [[r.Streaming.LimitPoolSizeToVRAM:0]]
[2022.06.01-13.31.16:219][  0]LogConfig: Setting CVar [[r.Streaming.PoolSize:1000]]
[2022.06.01-13.31.16:219][  0]LogConfig: Setting CVar [[r.Streaming.MaxEffectiveScreenSize:0]]
[2022.06.01-13.31.16:219][  0]LogConfig: Applying CVar settings from Section [EffectsQuality@3] File [C:/Users/chash/Documents/GitHub/Spyball/Spy_Ball/Saved/Config/Windows/Scalability.ini]
[2022.06.01-13.31.16:219][  0]LogConfig: Setting CVar [[r.TranslucencyLightingVolumeDim:64]]
[2022.06.01-13.31.16:219][  0]LogConfig: Setting CVar [[r.RefractionQuality:2]]
[2022.06.01-13.31.16:219][  0]LogConfig: Setting CVar [[r.SSR.Quality:3]]
[2022.06.01-13.31.16:219][  0]LogConfig: Setting CVar [[r.SSR.HalfResSceneColor:0]]
[2022.06.01-13.31.16:219][  0]LogConfig: Setting CVar [[r.SceneColorFormat:4]]
[2022.06.01-13.31.16:219][  0]LogConfig: Setting CVar [[r.DetailMode:2]]
[2022.06.01-13.31.16:219][  0]LogConfig: Setting CVar [[r.TranslucencyVolumeBlur:1]]
[2022.06.01-13.31.16:219][  0]LogConfig: Setting CVar [[r.MaterialQualityLevel:1 ; High quality]]
[2022.06.01-13.31.16:219][  0]LogConfig: Setting CVar [[r.SSS.Scale:1]]
[2022.06.01-13.31.16:219][  0]LogConfig: Setting CVar [[r.SSS.SampleSet:2]]
[2022.06.01-13.31.16:219][  0]LogConfig: Setting CVar [[r.SSS.Quality:1]]
[2022.06.01-13.31.16:219][  0]LogConfig: Setting CVar [[r.SSS.HalfRes:1]]
[2022.06.01-13.31.16:219][  0]LogConfig: Setting CVar [[r.SSGI.Quality:3]]
[2022.06.01-13.31.16:219][  0]LogConfig: Setting CVar [[r.EmitterSpawnRateScale:1.0]]
[2022.06.01-13.31.16:219][  0]LogConfig: Setting CVar [[r.ParticleLightQuality:2]]
[2022.06.01-13.31.16:219][  0]LogConfig: Setting CVar [[r.SkyAtmosphere.AerialPerspectiveLUT.FastApplyOnOpaque:1 ; Always have FastSkyLUT 1 in this case to avoid wrong sky]]
[2022.06.01-13.31.16:219][  0]LogConfig: Setting CVar [[r.SkyAtmosphere.AerialPerspectiveLUT.SampleCountPerSlice:1]]
[2022.06.01-13.31.16:219][  0]LogConfig: Setting CVar [[r.SkyAtmosphere.AerialPerspectiveLUT.DepthResolution:16.0]]
[2022.06.01-13.31.16:219][  0]LogConfig: Setting CVar [[r.SkyAtmosphere.FastSkyLUT:1]]
[2022.06.01-13.31.16:219][  0]LogConfig: Setting CVar [[r.SkyAtmosphere.FastSkyLUT.SampleCountMin:4.0]]
[2022.06.01-13.31.16:219][  0]LogConfig: Setting CVar [[r.SkyAtmosphere.FastSkyLUT.SampleCountMax:32.0]]
[2022.06.01-13.31.16:219][  0]LogConfig: Setting CVar [[r.SkyAtmosphere.SampleCountMin:4.0]]
[2022.06.01-13.31.16:219][  0]LogConfig: Setting CVar [[r.SkyAtmosphere.SampleCountMax:32.0]]
[2022.06.01-13.31.16:219][  0]LogConfig: Setting CVar [[r.SkyAtmosphere.TransmittanceLUT.UseSmallFormat:0]]
[2022.06.01-13.31.16:219][  0]LogConfig: Setting CVar [[r.SkyAtmosphere.TransmittanceLUT.SampleCount:10.0]]
[2022.06.01-13.31.16:219][  0]LogConfig: Setting CVar [[r.SkyAtmosphere.MultiScatteringLUT.SampleCount:15.0]]
[2022.06.01-13.31.16:219][  0]LogConfig: Applying CVar settings from Section [FoliageQuality@3] File [C:/Users/chash/Documents/GitHub/Spyball/Spy_Ball/Saved/Config/Windows/Scalability.ini]
[2022.06.01-13.31.16:219][  0]LogConfig: Setting CVar [[foliage.DensityScale:1.0]]
[2022.06.01-13.31.16:219][  0]LogConfig: Setting CVar [[grass.DensityScale:1.0]]
[2022.06.01-13.31.16:219][  0]LogConfig: Applying CVar settings from Section [ShadingQuality@3] File [C:/Users/chash/Documents/GitHub/Spyball/Spy_Ball/Saved/Config/Windows/Scalability.ini]
[2022.06.01-13.31.16:219][  0]LogConfig: Setting CVar [[r.HairStrands.SkyLighting.SampleCount:16]]
[2022.06.01-13.31.16:219][  0]LogConfig: Setting CVar [[r.HairStrands.SkyLighting.JitterIntegration:0]]
[2022.06.01-13.31.16:219][  0]LogConfig: Setting CVar [[r.HairStrands.SkyAO.SampleCount:16]]
[2022.06.01-13.31.16:219][  0]LogConfig: Applying CVar settings from Section [Startup] File [../../../Engine/Config/ConsoleVariables.ini]
[2022.06.01-13.31.16:219][  0]LogConfig: Setting CVar [[net.UseAdaptiveNetUpdateFrequency:0]]
[2022.06.01-13.31.16:219][  0]LogConfig: Setting CVar [[p.chaos.AllowCreatePhysxBodies:1]]
[2022.06.01-13.31.16:219][  0]LogConfig: Applying CVar settings from Section [ConsoleVariables] File [C:/Users/chash/Documents/GitHub/Spyball/Spy_Ball/Saved/Config/Windows/Engine.ini]
[2022.06.01-13.31.16:219][  0]LogInit: Computer: DESKTOP-I3IQ800
[2022.06.01-13.31.16:219][  0]LogInit: User: Geunhui
[2022.06.01-13.31.16:219][  0]LogInit: CPU Page size=4096, Cores=6
[2022.06.01-13.31.16:219][  0]LogInit: High frequency timer resolution =10.000000 MHz
[2022.06.01-13.31.16:219][  0]LogMemory: Memory total: Physical=15.8GB (16GB approx)
[2022.06.01-13.31.16:219][  0]LogMemory: Platform Memory Stats for Windows
[2022.06.01-13.31.16:219][  0]LogMemory: Process Physical Memory: 108.92 MB used, 108.92 MB peak
[2022.06.01-13.31.16:219][  0]LogMemory: Process Virtual Memory: 101.68 MB used, 101.68 MB peak
[2022.06.01-13.31.16:219][  0]LogMemory: Physical Memory: 7435.48 MB used,  8765.01 MB free, 16200.48 MB total
[2022.06.01-13.31.16:219][  0]LogMemory: Virtual Memory: 5161.33 MB used,  134212568.00 MB free, 134217728.00 MB total
[2022.06.01-13.31.16:221][  0]LogWindows: WindowsPlatformFeatures enabled
[2022.06.01-13.31.16:259][  0]LogInit: Overriding language with editor language configuration option (en).
[2022.06.01-13.31.16:259][  0]LogInit: Overriding locale with editor locale configuration option (en).
[2022.06.01-13.31.16:380][  0]LogInit: Setting process to per monitor DPI aware
[2022.06.01-13.31.16:416][  0]LogSlate: New Slate User Created.  User Index 0, Is Virtual User: 0
[2022.06.01-13.31.16:416][  0]LogSlate: Slate User Registered.  User Index 0, Is Virtual User: 0
[2022.06.01-13.31.16:632][  0]LogHMD: Failed to initialize OpenVR with code 110
[2022.06.01-13.31.16:632][  0]LogD3D11RHI: D3D11 min allowed feature level: 11_0
[2022.06.01-13.31.16:632][  0]LogD3D11RHI: D3D11 max allowed feature level: 11_0
[2022.06.01-13.31.16:632][  0]LogD3D11RHI: D3D11 adapters:
[2022.06.01-13.31.16:739][  0]LogD3D11RHI:    0. 'NVIDIA GeForce RTX 2070 Super' (Feature Level 11_0)
[2022.06.01-13.31.16:739][  0]LogD3D11RHI:       8011/0/8100 MB DedicatedVideo/DedicatedSystem/SharedSystem, Outputs:1, VendorId:0x10de
[2022.06.01-13.31.16:763][  0]LogD3D11RHI:    1. 'Intel(R) UHD Graphics' (Feature Level 11_0)
[2022.06.01-13.31.16:763][  0]LogD3D11RHI:       128/0/8100 MB DedicatedVideo/DedicatedSystem/SharedSystem, Outputs:0, VendorId:0x8086
[2022.06.01-13.31.16:765][  0]LogD3D11RHI:    2. 'Microsoft Basic Render Driver' (Feature Level 11_0)
[2022.06.01-13.31.16:765][  0]LogD3D11RHI:       0/0/8100 MB DedicatedVideo/DedicatedSystem/SharedSystem, Outputs:0, VendorId:0x1414
[2022.06.01-13.31.16:765][  0]LogD3D11RHI: Chosen D3D11 Adapter: 0
[2022.06.01-13.31.16:770][  0]LogD3D11RHI: Creating new Direct3DDevice
[2022.06.01-13.31.16:770][  0]LogD3D11RHI:     GPU DeviceId: 0x1e91 (for the marketing name, search the web for "GPU Device Id")
[2022.06.01-13.31.16:770][  0]LogWindows: EnumDisplayDevices:
[2022.06.01-13.31.16:770][  0]LogWindows:    0. 'Intel(R) UHD Graphics' (P:1 D:1)
[2022.06.01-13.31.16:771][  0]LogWindows:    1. 'Intel(R) UHD Graphics' (P:0 D:0)
[2022.06.01-13.31.16:771][  0]LogWindows:    2. 'Intel(R) UHD Graphics' (P:0 D:0)
[2022.06.01-13.31.16:771][  0]LogWindows:    3. 'NVIDIA GeForce RTX 2070 Super' (P:0 D:0)
[2022.06.01-13.31.16:772][  0]LogWindows:    4. 'NVIDIA GeForce RTX 2070 Super' (P:0 D:0)
[2022.06.01-13.31.16:772][  0]LogWindows:    5. 'NVIDIA GeForce RTX 2070 Super' (P:0 D:0)
[2022.06.01-13.31.16:772][  0]LogWindows:    6. 'NVIDIA GeForce RTX 2070 Super' (P:0 D:0)
[2022.06.01-13.31.16:772][  0]LogWindows: DebugString: PrimaryIsNotTheChoosenAdapter PrimaryIsNotTheChoosenAdapter PrimaryIsNotTheChoosenAdapter FoundDriverCount:4 
[2022.06.01-13.31.16:772][  0]LogD3D11RHI:     Adapter Name: NVIDIA GeForce RTX 2070 Super
[2022.06.01-13.31.16:772][  0]LogD3D11RHI:   Driver Version: 471.96 (internal:30.0.14.7196, unified:471.96)
[2022.06.01-13.31.16:772][  0]LogD3D11RHI:      Driver Date: 8-27-2021
[2022.06.01-13.31.16:772][  0]LogRHI: Texture pool is 5607 MB (70% of 8011 MB)
[2022.06.01-13.31.16:844][  0]LogD3D11RHI: RHI has support for 64 bit atomics
[2022.06.01-13.31.16:844][  0]LogD3D11RHI: Async texture creation enabled
[2022.06.01-13.31.16:857][  0]LogD3D11RHI: GPU Timing Frequency: 1000.000000 (Debug: 2 1)
[2022.06.01-13.31.17:120][  0]LogTargetPlatformManager: Display: Loaded TargetPlatform 'AllDesktop'
[2022.06.01-13.31.17:144][  0]LogTargetPlatformManager: Display: Loaded TargetPlatform 'Android'
[2022.06.01-13.31.17:144][  0]LogTargetPlatformManager: Display: Loaded TargetPlatform 'Android_ASTC'
[2022.06.01-13.31.17:144][  0]LogTargetPlatformManager: Display: Loaded TargetPlatform 'Android_ATC'
[2022.06.01-13.31.17:145][  0]LogTargetPlatformManager: Display: Loaded TargetPlatform 'Android_DXT'
[2022.06.01-13.31.17:145][  0]LogTargetPlatformManager: Display: Loaded TargetPlatform 'Android_ETC1'
[2022.06.01-13.31.17:145][  0]LogTargetPlatformManager: Display: Loaded TargetPlatform 'Android_ETC1a'
[2022.06.01-13.31.17:145][  0]LogTargetPlatformManager: Display: Loaded TargetPlatform 'Android_ETC2'
[2022.06.01-13.31.17:145][  0]LogTargetPlatformManager: Display: Loaded TargetPlatform 'Android_PVRTC'
[2022.06.01-13.31.17:145][  0]LogTargetPlatformManager: Display: Loaded TargetPlatform 'AndroidClient'
[2022.06.01-13.31.17:145][  0]LogTargetPlatformManager: Display: Loaded TargetPlatform 'Android_ASTCClient'
[2022.06.01-13.31.17:145][  0]LogTargetPlatformManager: Display: Loaded TargetPlatform 'Android_ATCClient'
[2022.06.01-13.31.17:145][  0]LogTargetPlatformManager: Display: Loaded TargetPlatform 'Android_DXTClient'
[2022.06.01-13.31.17:145][  0]LogTargetPlatformManager: Display: Loaded TargetPlatform 'Android_ETC1Client'
[2022.06.01-13.31.17:145][  0]LogTargetPlatformManager: Display: Loaded TargetPlatform 'Android_ETC1aClient'
[2022.06.01-13.31.17:145][  0]LogTargetPlatformManager: Display: Loaded TargetPlatform 'Android_ETC2Client'
[2022.06.01-13.31.17:145][  0]LogTargetPlatformManager: Display: Loaded TargetPlatform 'Android_PVRTCClient'
[2022.06.01-13.31.17:145][  0]LogTargetPlatformManager: Display: Loaded TargetPlatform 'Android_Multi'
[2022.06.01-13.31.17:145][  0]LogTargetPlatformManager: Display: Loaded TargetPlatform 'Android_MultiClient'
[2022.06.01-13.31.17:161][  0]LogTargetPlatformManager: Display: Loaded TargetPlatform 'IOSClient'
[2022.06.01-13.31.17:161][  0]LogTargetPlatformManager: Display: Loaded TargetPlatform 'IOS'
[2022.06.01-13.31.17:169][  0]LogTargetPlatformManager: Display: Loaded TargetPlatform 'LinuxNoEditor'
[2022.06.01-13.31.17:175][  0]LogTargetPlatformManager: Display: Loaded TargetPlatform 'LinuxClient'
[2022.06.01-13.31.17:182][  0]LogTargetPlatformManager: Display: Loaded TargetPlatform 'LinuxServer'
[2022.06.01-13.31.17:189][  0]LogTargetPlatformManager: Display: Loaded TargetPlatform 'LinuxAArch64NoEditor'
[2022.06.01-13.31.17:195][  0]LogTargetPlatformManager: Display: Loaded TargetPlatform 'LinuxAArch64Client'
[2022.06.01-13.31.17:202][  0]LogTargetPlatformManager: Display: Loaded TargetPlatform 'LinuxAArch64Server'
[2022.06.01-13.31.17:226][  0]LogTargetPlatformManager: Display: Loaded TargetPlatform 'Lumin'
[2022.06.01-13.31.17:226][  0]LogTargetPlatformManager: Display: Loaded TargetPlatform 'LuminClient'
[2022.06.01-13.31.17:240][  0]LogTargetPlatformManager: Display: Loaded TargetPlatform 'TVOSClient'
[2022.06.01-13.31.17:240][  0]LogTargetPlatformManager: Display: Loaded TargetPlatform 'TVOS'
[2022.06.01-13.31.17:246][  0]LogTargetPlatformManager: Display: Loaded TargetPlatform 'WindowsNoEditor'
[2022.06.01-13.31.17:254][  0]LogTargetPlatformManager: Display: Loaded TargetPlatform 'Windows'
[2022.06.01-13.31.17:261][  0]LogTargetPlatformManager: Display: Loaded TargetPlatform 'WindowsClient'
[2022.06.01-13.31.17:267][  0]LogTargetPlatformManager: Display: Loaded TargetPlatform 'WindowsServer'
[2022.06.01-13.31.17:267][  0]LogTargetPlatformManager: Display: Building Assets For Windows
[2022.06.01-13.31.17:269][  0]LogAudioDebug: Display: Lib vorbis DLL was dynamically loaded.
[2022.06.01-13.31.17:297][  0]LogShaderCompilers: Guid format shader working directory is -17 characters bigger than the processId version (../../../../../../Users/chash/Documents/GitHub/Spyball/Spy_Ball/Intermediate/Shaders/WorkingDirectory/3224/).
[2022.06.01-13.31.17:297][  0]LogShaderCompilers: Cleaned the shader compiler working directory 'C:/Users/chash/AppData/Local/Temp/UnrealShaderWorkingDir/EE79004043EBC1B308751AB10B833E0D/'.
[2022.06.01-13.31.17:298][  0]LogXGEController: Cannot use XGE Controller as Incredibuild is not installed on this machine.
[2022.06.01-13.31.17:298][  0]LogShaderCompilers: Cannot use XGE Shader Compiler as Incredibuild is not installed on this machine.
[2022.06.01-13.31.17:298][  0]LogShaderCompilers: Display: Using Local Shader Compiler.
[2022.06.01-13.31.17:944][  0]LogDerivedDataCache: Display: Max Cache Size: 512 MB
[2022.06.01-13.31.17:985][  0]LogDerivedDataCache: Loaded boot cache 0.04s 78MB C:/Users/chash/AppData/Local/UnrealEngine/4.24/DerivedDataCache/Boot.ddc.
[2022.06.01-13.31.17:986][  0]LogDerivedDataCache: Display: Loaded Boot cache: C:/Users/chash/AppData/Local/UnrealEngine/4.24/DerivedDataCache/Boot.ddc
[2022.06.01-13.31.17:986][  0]LogDerivedDataCache: FDerivedDataBackendGraph:  Pak pak cache file ../../../../../../Users/chash/Documents/GitHub/Spyball/Spy_Ball/DerivedDataCache/DDC.ddp not found, will not use a pak cache.
[2022.06.01-13.31.17:986][  0]LogDerivedDataCache: Unable to find inner node Pak for hierarchical cache Hierarchy.
[2022.06.01-13.31.17:986][  0]LogDerivedDataCache: FDerivedDataBackendGraph:  CompressedPak pak cache file ../../../../../../Users/chash/Documents/GitHub/Spyball/Spy_Ball/DerivedDataCache/Compressed.ddp not found, will not use a pak cache.
[2022.06.01-13.31.17:986][  0]LogDerivedDataCache: Unable to find inner node CompressedPak for hierarchical cache Hierarchy.
[2022.06.01-13.31.17:993][  0]LogDerivedDataCache: Display: Pak cache opened for reading ../../../Engine/DerivedDataCache/Compressed.ddp.
[2022.06.01-13.31.17:993][  0]LogDerivedDataCache: FDerivedDataBackendGraph:  EnterprisePak pak cache file ../../../Enterprise/DerivedDataCache/Compressed.ddp not found, will not use a pak cache.
[2022.06.01-13.31.17:993][  0]LogDerivedDataCache: Unable to find inner node EnterprisePak for hierarchical cache Hierarchy.
[2022.06.01-13.31.17:995][  0]LogDerivedDataCache: Using Local data cache path C:/Users/chash/AppData/Local/UnrealEngine/Common/DerivedDataCache: Writable
[2022.06.01-13.31.17:995][  0]LogDerivedDataCache: Shared data cache path not found in *engine.ini, will not use an Shared cache.
[2022.06.01-13.31.17:995][  0]LogDerivedDataCache: Unable to find inner node Shared for hierarchical cache Hierarchy.
[2022.06.01-13.31.18:014][  0]LogMaterial: Verifying Global Shaders for PCD3D_SM5
[2022.06.01-13.31.18:016][  0]LogSlate: Using FreeType 2.10.0
[2022.06.01-13.31.18:016][  0]LogSlate: SlateFontServices - WITH_FREETYPE: 1, WITH_HARFBUZZ: 1
[2022.06.01-13.31.18:069][  0]LogAssetRegistry: FAssetRegistry took 0.0020 seconds to start up
[2022.06.01-13.31.18:311][  0]LogInit: Selected Device Profile: [Windows]
[2022.06.01-13.31.18:434][  0]LogMeshReduction: Using QuadricMeshReduction for automatic static mesh reduction
[2022.06.01-13.31.18:434][  0]LogMeshReduction: Using SimplygonMeshReduction for automatic skeletal mesh reduction
[2022.06.01-13.31.18:434][  0]LogMeshReduction: Using ProxyLODMeshReduction for automatic mesh merging
[2022.06.01-13.31.18:434][  0]LogMeshReduction: No distributed automatic mesh merging module available
[2022.06.01-13.31.18:434][  0]LogMeshMerging: No distributed automatic mesh merging module available
[2022.06.01-13.31.18:444][  0]LogNetVersion: Spy_Ball 1.0.0, NetCL: 10570792, EngineNetVer: 13, GameNetVer: 0 (Checksum: 749630213)
[2022.06.01-13.31.19:399][  0]LogPackageLocalizationCache: Processed 10 localized package path(s) for 1 prioritized culture(s) in 0.039334 seconds
[2022.06.01-13.31.19:404][  0]LogUObjectArray: 46750 objects as part of root set at end of initial load.
[2022.06.01-13.31.19:404][  0]LogUObjectAllocator: 8137160 out of 0 bytes used by permanent object pool.
[2022.06.01-13.31.19:404][  0]LogUObjectArray: CloseDisregardForGC: 0/0 objects in disregard for GC pool
[2022.06.01-13.31.19:735][  0]LogTcpMessaging: Initializing TcpMessaging bridge
[2022.06.01-13.31.19:737][  0]LogUdpMessaging: Initializing bridge on interface 0.0.0.0:0 to multicast group 230.0.0.1:6666.
[2022.06.01-13.31.19:776][  0]SourceControl: Source control is disabled
[2022.06.01-13.31.19:776][  0]SourceControl: Source control is disabled
[2022.06.01-13.31.19:777][  0]SourceControl: Source control is disabled
[2022.06.01-13.31.19:777][  0]SourceControl: Source control is disabled
[2022.06.01-13.31.19:778][  0]SourceControl: Source control is disabled
[2022.06.01-13.31.19:849][  0]LogAndroidPermission: UAndroidPermissionCallbackProxy::GetInstance
[2022.06.01-13.31.19:857][  0]LogAudioCaptureCore: Display: No Audio Capture implementations found. Audio input will be silent.
[2022.06.01-13.31.19:857][  0]LogAudioCaptureCore: Display: No Audio Capture implementations found. Audio input will be silent.
[2022.06.01-13.31.19:923][  0]LogOcInput: OculusInput pre-init called
[2022.06.01-13.31.19:932][  0]LogWindows: Failed to load 'OVRPlugin.dll' (GetLastError=126)
[2022.06.01-13.31.19:932][  0]LogWindows: File 'OVRPlugin.dll' does not exist
[2022.06.01-13.31.19:985][  0]LogEngine: Initializing Engine...
[2022.06.01-13.31.19:986][  0]LogHMD: Failed to initialize OpenVR with code 110
[2022.06.01-13.31.19:986][  0]LogStats: UGameplayTagsManager::InitializeManager -  0.000 s
[2022.06.01-13.31.20:270][  0]LogInit: Initializing FReadOnlyCVARCache
[2022.06.01-13.31.20:275][  0]LogAIModule: Creating AISystem for world Untitled
[2022.06.01-13.31.20:286][  0]LogAudioMixer: Display: Audio Mixer Platform Settings:
[2022.06.01-13.31.20:286][  0]LogAudioMixer: Display: 	Sample Rate:						  48000
[2022.06.01-13.31.20:286][  0]LogAudioMixer: Display: 	Callback Buffer Frame Size Requested: 1024
[2022.06.01-13.31.20:286][  0]LogAudioMixer: Display: 	Callback Buffer Frame Size To Use:	  1024
[2022.06.01-13.31.20:286][  0]LogAudioMixer: Display: 	Number of buffers to queue:			  2
[2022.06.01-13.31.20:286][  0]LogAudioMixer: Display: 	Max Channels (voices):				  32
[2022.06.01-13.31.20:286][  0]LogAudioMixer: Display: 	Number of Async Source Workers:		  0
[2022.06.01-13.31.20:286][  0]LogAudio: Display: AudioDevice MaxSources: 32
[2022.06.01-13.31.20:287][  0]LogAudio: Display: Using built-in audio occlusion.
[2022.06.01-13.31.20:287][  0]LogAudioMixer: Display: Initializing audio mixer.
[2022.06.01-13.31.20:310][  0]LogAudioMixer: Display: Audio Device Output Speaker Info:
[2022.06.01-13.31.20:310][  0]LogAudioMixer: Display: Name: 스피커(Realtek(R) Audio)
[2022.06.01-13.31.20:310][  0]LogAudioMixer: Display: Is Default: Yes
[2022.06.01-13.31.20:310][  0]LogAudioMixer: Display: Sample Rate: 48000
[2022.06.01-13.31.20:310][  0]LogAudioMixer: Display: Channel Count Used: 2
[2022.06.01-13.31.20:310][  0]LogAudioMixer: Display: Device Channel Count: 2
[2022.06.01-13.31.20:310][  0]LogAudioMixer: Display: Channel Order:
[2022.06.01-13.31.20:310][  0]LogAudioMixer: Display: 0: FrontLeft
[2022.06.01-13.31.20:310][  0]LogAudioMixer: Display: 1: FrontRight
[2022.06.01-13.31.20:347][  0]LogAudioMixer: Display: Using Audio Device 스피커(Realtek(R) Audio)
[2022.06.01-13.31.20:351][  0]LogInit: FAudioDevice initialized.
[2022.06.01-13.31.20:351][  0]LogNetVersion: Set ProjectVersion to 1.0.0.0. Version Checksum will be recalculated on next use.
[2022.06.01-13.31.20:391][  0]LogDerivedDataCache: Saved boot cache 0.04s 78MB C:/Users/chash/AppData/Local/UnrealEngine/4.24/DerivedDataCache/Boot.ddc.
[2022.06.01-13.31.20:394][  0]LogInit: Texture streaming: Enabled
[2022.06.01-13.31.20:404][  0]LogEngineSessionManager: EngineSessionManager initialized
[2022.06.01-13.31.20:404][  0]LogEditorSessionSummary: Verbose: Initializing EditorSessionSummaryWriter for editor session tracking
[2022.06.01-13.31.20:405][  0]LogEditorSessionSummary: EditorSessionSummaryWriter initialized
[2022.06.01-13.31.20:434][  0]LogInit: Transaction tracking system initialized
[2022.06.01-13.31.20:443][  0]BlueprintLog: New page: Editor Load
[2022.06.01-13.31.20:471][  0]LocalizationService: Localization service is disabled
[2022.06.01-13.31.20:502][  0]LogLinker: Warning: Failed to load '/Game/ThirdPersonBP/ThirdPersonOverview': Can't find file.
[2022.06.01-13.31.20:502][  0]LogLinker: Warning: Failed to load '/Game/ThirdPersonBP/ThirdPersonOverview': Can't find file.
[2022.06.01-13.31.20:502][  0]LogUObjectGlobals: Warning: Failed to find object 'Class /Game/ThirdPersonBP/ThirdPersonOverview.ThirdPersonOverview_C'
[2022.06.01-13.31.20:741][  0]LogFileCache: Scanning file cache for directory 'C:/Users/chash/Documents/GitHub/Spyball/Spy_Ball/Content/' took 0.02s
[2022.06.01-13.31.20:741][  0]LogCook: Display: Max memory allowance for cook 16384mb min free memory 0mb
[2022.06.01-13.31.20:741][  0]LogCook: Display: Mobile HDR setting 1
[2022.06.01-13.31.21:482][  0]SourceControl: Source control is disabled
[2022.06.01-13.31.21:482][  0]Cmd: MAP LOAD FILE="../../../../../../Users/chash/Documents/GitHub/Spyball/Spy_Ball/Content/StarterBundle/ModularScifiHallways/Maps/Mainmenu.umap" TEMPLATE=0 SHOWPROGRESS=1 FEATURELEVEL=3
[2022.06.01-13.31.21:485][  0]LightingResults: New page: Lighting Build
[2022.06.01-13.31.21:486][  0]LogWorld: UWorld::CleanupWorld for Untitled, bSessionEnded=true, bCleanupResources=true
[2022.06.01-13.31.21:486][  0]LogSlate: InvalidateAllWidgets triggered.  All widgets were invalidated
[2022.06.01-13.31.21:486][  0]MapCheck: New page: Map Check
[2022.06.01-13.31.21:486][  0]LightingResults: New page: Lighting Build
[2022.06.01-13.31.21:512][  0]LogUObjectHash: Compacting FUObjectHashTables data took   1.39ms
[2022.06.01-13.31.21:539][  0]LogAIModule: Creating AISystem for world Mainmenu
[2022.06.01-13.31.21:540][  0]LogEditorServer: Finished looking for orphan Actors (0.000 secs)
[2022.06.01-13.31.21:566][  0]LogUObjectHash: Compacting FUObjectHashTables data took   1.56ms
[2022.06.01-13.31.21:567][  0]Cmd: MAP CHECKDEP NOCLEARLOG
[2022.06.01-13.31.21:567][  0]MapCheck: Map check complete: 0 Error(s), 0 Warning(s), took 0.147ms to complete.
[2022.06.01-13.31.21:567][  0]LogFileHelpers: Loading map 'Mainmenu' took 0.086
[2022.06.01-13.31.21:694][  0]LogSlate: Updating window title bar state: overlay mode, drag disabled, window buttons hidden, title bar hidden
[2022.06.01-13.31.21:700][  0]LogSlate: Updating window title bar state: overlay mode, drag disabled, window buttons hidden, title bar hidden
[2022.06.01-13.31.21:706][  0]LogSlate: Updating window title bar state: overlay mode, drag disabled, window buttons hidden, title bar hidden
[2022.06.01-13.31.21:711][  0]LogSlate: Updating window title bar state: overlay mode, drag disabled, window buttons hidden, title bar hidden
[2022.06.01-13.31.21:719][  0]LogCollectionManager: Loaded 0 collections in 0.001396 seconds
[2022.06.01-13.31.21:739][  0]LogFileCache: Scanning file cache for directory 'C:/Users/chash/Documents/GitHub/Spyball/Spy_Ball/Saved/Collections/' took 0.00s
[2022.06.01-13.31.21:739][  0]LogFileCache: Scanning file cache for directory 'C:/Users/chash/Documents/GitHub/Spyball/Spy_Ball/Content/Developers/Geunhui/Collections/' took 0.00s
[2022.06.01-13.31.21:739][  0]LogFileCache: Scanning file cache for directory 'C:/Users/chash/Documents/GitHub/Spyball/Spy_Ball/Content/Collections/' took 0.00s
[2022.06.01-13.31.21:739][  0]LogContentBrowser: Native class hierarchy populated in 0.0069 seconds. Added 3015 classes and 717 folders.
[2022.06.01-13.31.21:743][  0]LogContentBrowser: Native class hierarchy updated for 'WidgetCarousel' in 0.0002 seconds. Added 0 classes and 0 folders.
[2022.06.01-13.31.21:872][  0]LogContentBrowser: Native class hierarchy updated for 'AddContentDialog' in 0.0002 seconds. Added 0 classes and 0 folders.
[2022.06.01-13.31.21:881][  0]LogContentBrowser: Native class hierarchy updated for 'SceneOutliner' in 0.0002 seconds. Added 2 classes and 3 folders.
[2022.06.01-13.31.22:031][  0]LogSlate: Took 0.000337 seconds to synchronously load lazily loaded font '../../../Engine/Content/Slate/Fonts/Roboto-Regular.ttf' (155K)
[2022.06.01-13.31.22:033][  0]LogSlate: Took 0.000230 seconds to synchronously load lazily loaded font '../../../Engine/Content/Slate/Fonts/Roboto-Bold.ttf' (160K)
[2022.06.01-13.31.22:041][  0]LogSlate: Took 0.003008 seconds to synchronously load lazily loaded font '../../../Engine/Content/Editor/Slate/Fonts/FontAwesome.ttf' (139K)
[2022.06.01-13.31.22:131][  0]LogRenderer: Reallocating scene render targets to support 1308x512 Format 10 NumSamples 1 (Frame:1).
[2022.06.01-13.31.22:232][  0]LogContentBrowser: Native class hierarchy updated for 'HierarchicalLODOutliner' in 0.0002 seconds. Added 0 classes and 0 folders.
[2022.06.01-13.31.22:232][  0]LogLoad: (Engine Initialization) Total time: 7.42 seconds
[2022.06.01-13.31.22:232][  0]LogLoad: (Engine Initialization) Total Blueprint compile time: 0.00 seconds
[2022.06.01-13.31.22:400][  0]LogContentStreaming: Texture pool size now 1000 MB
[2022.06.01-13.31.22:433][  0]LogRenderer: Reallocating scene render targets to support 1308x528 Format 10 NumSamples 1 (Frame:2).
[2022.06.01-13.31.22:433][  0]LogSlate: Took 0.000855 seconds to synchronously load lazily loaded font '../../../Engine/Content/Slate/Fonts/Roboto-Light.ttf' (167K)
[2022.06.01-13.31.22:513][  2]LogAssetRegistry: Asset discovery search completed in 4.4441 seconds
[2022.06.01-13.31.22:516][  2]LogCollectionManager: Fixed up redirectors for 0 collections in 0.000007 seconds (updated 0 objects)
[2022.06.01-13.38.36:282][913]LogSlate: Window 'Project Settings' being destroyed
[2022.06.01-13.38.36:286][913]LogSlate: Window 'Project Settings' being destroyed
[2022.06.01-13.39.04:169][105]LogLinker: Warning: While loading '../../../../../../Users/chash/Documents/GitHub/Spyball/Spy_Ball/Content/asset/StarterContent/Shapes/Shape_Sphere.uasset' failed to load '/Game/StarterContent/Materials/M_Basic_Wall': Can't find file.
[2022.06.01-13.39.04:169][105]LogLinker: Warning: While loading '../../../../../../Users/chash/Documents/GitHub/Spyball/Spy_Ball/Content/asset/StarterContent/Shapes/Shape_Sphere.uasset' failed to load '/Game/StarterContent/Materials/M_Basic_Wall': Can't find file.
[2022.06.01-13.39.04:169][105]LogLinker: Warning: While loading '../../../../../../Users/chash/Documents/GitHub/Spyball/Spy_Ball/Content/asset/StarterContent/Shapes/Shape_Sphere.uasset' failed to load '/Game/StarterContent/Materials/M_Basic_Wall': Can't find file.
[2022.06.01-13.39.04:169][105]LogLinker: Warning: While loading '../../../../../../Users/chash/Documents/GitHub/Spyball/Spy_Ball/Content/asset/StarterContent/Shapes/Shape_Sphere.uasset' failed to load '/Game/StarterContent/Materials/M_Basic_Wall': Can't find file.
[2022.06.01-13.39.04:180][105]LogLinker: Warning: While loading '../../../../../../Users/chash/Documents/GitHub/Spyball/Spy_Ball/Content/asset/StarterContent/Shapes/Shape_Sphere.uasset' failed to load '/Game/StarterContent/Materials/M_Basic_Wall': Can't find file.
[2022.06.01-13.39.04:180][105]LoadErrors: Failed to load /Game/StarterContent/Materials/M_Basic_Wall.M_Basic_Wall Referenced by Shape_Sphere
[2022.06.01-13.39.04:180][105]LogLinker: Warning: While loading '../../../../../../Users/chash/Documents/GitHub/Spyball/Spy_Ball/Content/asset/StarterContent/Shapes/Shape_Sphere.uasset' failed to load '/Game/StarterContent/Materials/M_Basic_Wall': Can't find file.
[2022.06.01-13.39.04:209][105]LogSlate: Took 0.000960 seconds to synchronously load lazily loaded font '../../../Engine/Content/Slate/Fonts/Roboto-Light.ttf' (167K)
[2022.06.01-13.39.04:219][105]LogAssetEditorSubsystem: Opening Asset editor for Blueprint /Game/blueprint/mini_cam.mini_cam
[2022.06.01-13.39.04:391][105]LogContentBrowser: Native class hierarchy updated for 'BlueprintGraph' in 0.0004 seconds. Added 121 classes and 0 folders.
[2022.06.01-13.39.05:040][105]LogSlate: Took 0.000279 seconds to synchronously load lazily loaded font '../../../Engine/Content/Slate/Fonts/Roboto-BoldCondensed.ttf' (158K)
[2022.06.01-13.39.05:119][106]LogSlate: Took 0.001034 seconds to synchronously load lazily loaded font '../../../Engine/Content/Slate/Fonts/Roboto-Italic.ttf' (157K)
[2022.06.01-13.39.05:125][106]LogSlate: Took 0.004559 seconds to synchronously load lazily loaded font '../../../Engine/Content/Slate/Fonts/DroidSansFallback.ttf' (3848K)
[2022.06.01-13.39.21:683][698]LogSlate: Window 'mini_cam' being destroyed
[2022.06.01-13.39.21:687][698]LogSlate: Window 'mini_cam' being destroyed
[2022.06.01-13.39.21:697][698]LogWorld: UWorld::CleanupWorld for World_1, bSessionEnded=true, bCleanupResources=true
[2022.06.01-13.39.21:697][698]LogSlate: InvalidateAllWidgets triggered.  All widgets were invalidated
[2022.06.01-13.39.22:678][751]LogAssetEditorSubsystem: Opening Asset editor for Blueprint /Game/blueprint/plr.plr
[2022.06.01-13.39.28:347][ 66]LogSlate: Window 'plr' being destroyed
[2022.06.01-13.39.28:352][ 66]LogSlate: Window 'plr' being destroyed
[2022.06.01-13.39.28:353][ 66]LogWorld: UWorld::CleanupWorld for World_3, bSessionEnded=true, bCleanupResources=true
[2022.06.01-13.39.28:353][ 66]LogSlate: InvalidateAllWidgets triggered.  All widgets were invalidated
[2022.06.01-13.39.43:003][939]LogAssetEditorSubsystem: Opening Asset editor for WidgetBlueprint /Game/blueprint/UI/HUD.HUD
[2022.06.01-13.39.58:785][839]LogEditorTransaction: Undo Add Node
[2022.06.01-13.40.08:094][385]BlueprintLog: New page: Compile HUD
[2022.06.01-13.40.08:155][385]LogUObjectHash: Compacting FUObjectHashTables data took   3.78ms
[2022.06.01-13.40.08:859][425]LogSlate: Window 'HUD' being destroyed
[2022.06.01-13.40.08:865][425]LogWorld: UWorld::CleanupWorld for World_6, bSessionEnded=true, bCleanupResources=true
[2022.06.01-13.40.08:866][425]LogSlate: InvalidateAllWidgets triggered.  All widgets were invalidated
[2022.06.01-13.40.08:879][425]LogWorld: UWorld::CleanupWorld for World_5, bSessionEnded=true, bCleanupResources=true
[2022.06.01-13.40.08:879][425]LogSlate: InvalidateAllWidgets triggered.  All widgets were invalidated
[2022.06.01-13.40.09:576][465]LogTemp: Repeating last play command: Selected Viewport
[2022.06.01-13.40.09:585][465]LogBlueprintUserMessages: Early PlayInEditor Detection: Level '/Game/StarterBundle/ModularScifiHallways/Maps/Mainmenu.Mainmenu:PersistentLevel' has LevelScriptBlueprint '/Game/StarterBundle/ModularScifiHallways/Maps/Mainmenu.Mainmenu:PersistentLevel.Mainmenu' with GeneratedClass '/Game/StarterBundle/ModularScifiHallways/Maps/Mainmenu.Mainmenu_C' with ClassGeneratedBy '/Game/StarterBundle/ModularScifiHallways/Maps/Mainmenu.Mainmenu:PersistentLevel.Mainmenu'
[2022.06.01-13.40.09:585][465]LogPlayLevel: PlayLevel: No blueprints needed recompiling
[2022.06.01-13.40.09:588][465]PIE: New page: PIE session: Mainmenu (Jun 2, 2022, 7:40:09 AM)
[2022.06.01-13.40.09:590][465]LogOnline: OSS: Creating online subsystem instance for: NULL
[2022.06.01-13.40.09:591][465]LogOnline: OSS: TryLoadSubsystemAndSetDefault: Loaded subsystem for module [NULL]
[2022.06.01-13.40.09:591][465]LogPlayLevel: Creating play world package: /Game/StarterBundle/ModularScifiHallways/Maps/UEDPIE_0_Mainmenu
[2022.06.01-13.40.09:592][465]LogPlayLevel: PIE: StaticDuplicateObject took: (0.001188s)
[2022.06.01-13.40.09:593][465]LogAIModule: Creating AISystem for world Mainmenu
[2022.06.01-13.40.09:593][465]LogPlayLevel: PIE: World Init took: (0.000678s)
[2022.06.01-13.40.09:593][465]LogPlayLevel: PIE: Created PIE world by copying editor world from /Game/StarterBundle/ModularScifiHallways/Maps/Mainmenu.Mainmenu to /Game/StarterBundle/ModularScifiHallways/Maps/UEDPIE_0_Mainmenu.Mainmenu (0.002128s)
[2022.06.01-13.40.09:640][465]LogUObjectHash: Compacting FUObjectHashTables data took   3.25ms
[2022.06.01-13.40.09:641][465]LogAudioMixer: Display: Audio Mixer Platform Settings:
[2022.06.01-13.40.09:641][465]LogAudioMixer: Display: 	Sample Rate:						  48000
[2022.06.01-13.40.09:641][465]LogAudioMixer: Display: 	Callback Buffer Frame Size Requested: 1024
[2022.06.01-13.40.09:641][465]LogAudioMixer: Display: 	Callback Buffer Frame Size To Use:	  1024
[2022.06.01-13.40.09:641][465]LogAudioMixer: Display: 	Number of buffers to queue:			  2
[2022.06.01-13.40.09:641][465]LogAudioMixer: Display: 	Max Channels (voices):				  32
[2022.06.01-13.40.09:641][465]LogAudioMixer: Display: 	Number of Async Source Workers:		  0
[2022.06.01-13.40.09:641][465]LogAudio: Display: AudioDevice MaxSources: 32
[2022.06.01-13.40.09:641][465]LogAudio: Display: Using built-in audio occlusion.
[2022.06.01-13.40.09:641][465]LogAudioMixer: Display: Initializing audio mixer.
[2022.06.01-13.40.09:652][465]LogAudioMixer: Display: Audio Device Output Speaker Info:
[2022.06.01-13.40.09:652][465]LogAudioMixer: Display: Name: 스피커(Realtek(R) Audio)
[2022.06.01-13.40.09:652][465]LogAudioMixer: Display: Is Default: Yes
[2022.06.01-13.40.09:652][465]LogAudioMixer: Display: Sample Rate: 48000
[2022.06.01-13.40.09:652][465]LogAudioMixer: Display: Channel Count Used: 2
[2022.06.01-13.40.09:652][465]LogAudioMixer: Display: Device Channel Count: 2
[2022.06.01-13.40.09:652][465]LogAudioMixer: Display: Channel Order:
[2022.06.01-13.40.09:652][465]LogAudioMixer: Display: 0: FrontLeft
[2022.06.01-13.40.09:652][465]LogAudioMixer: Display: 1: FrontRight
[2022.06.01-13.40.09:668][465]LogAudioMixer: Display: Using Audio Device 스피커(Realtek(R) Audio)
[2022.06.01-13.40.09:669][465]LogInit: FAudioDevice initialized.
[2022.06.01-13.40.09:679][465]LogLoad: Game class is 'NewBlueprint_C'
[2022.06.01-13.40.09:680][465]LogWorld: Bringing World /Game/StarterBundle/ModularScifiHallways/Maps/UEDPIE_0_Mainmenu.Mainmenu up for play (max tick rate 60) at 2022.06.01-22.40.09
[2022.06.01-13.40.09:681][465]LogWorld: Bringing up level for play took: 0.000527
[2022.06.01-13.40.09:681][465]LogOnline: OSS: Creating online subsystem instance for: :Context_8
[2022.06.01-13.40.09:693][465]LogContentBrowser: Native class hierarchy updated for 'MovieSceneCapture' in 0.0003 seconds. Added 20 classes and 0 folders.
[2022.06.01-13.40.09:696][465]PIE: Play in editor start time for /Game/StarterBundle/ModularScifiHallways/Maps/UEDPIE_0_Mainmenu 0.43
[2022.06.01-13.40.09:696][465]LogBlueprintUserMessages: Late PlayInEditor Detection: Level '/Game/StarterBundle/ModularScifiHallways/Maps/Mainmenu.Mainmenu:PersistentLevel' has LevelScriptBlueprint '/Game/StarterBundle/ModularScifiHallways/Maps/Mainmenu.Mainmenu:PersistentLevel.Mainmenu' with GeneratedClass '/Game/StarterBundle/ModularScifiHallways/Maps/Mainmenu.Mainmenu_C' with ClassGeneratedBy '/Game/StarterBundle/ModularScifiHallways/Maps/Mainmenu.Mainmenu:PersistentLevel.Mainmenu'
[2022.06.01-13.40.10:998][531]LogNet: Browse: /Game/StarterBundle/ModularScifiHallways/Maps/Level1
[2022.06.01-13.40.10:999][531]LogLoad: LoadMap: /Game/StarterBundle/ModularScifiHallways/Maps/Level1
[2022.06.01-13.40.10:999][531]LogWorld: BeginTearingDown for /Game/StarterBundle/ModularScifiHallways/Maps/UEDPIE_0_Mainmenu
[2022.06.01-13.40.10:999][531]LogWorld: UWorld::CleanupWorld for Mainmenu, bSessionEnded=true, bCleanupResources=true
[2022.06.01-13.40.10:999][531]LogSlate: InvalidateAllWidgets triggered.  All widgets were invalidated
[2022.06.01-13.40.10:999][531]LogAudioMixer: Display: No commands were queued while flushing the source manager.
[2022.06.01-13.40.11:069][531]LogUObjectHash: Compacting FUObjectHashTables data took   3.05ms
[2022.06.01-13.40.11:771][531]LogAIModule: Creating AISystem for world Level1
[2022.06.01-13.40.11:771][531]LogLoad: Game class is 'NewBlueprint_C'
[2022.06.01-13.40.11:787][531]LogWorld: Bringing World /Game/StarterBundle/ModularScifiHallways/Maps/UEDPIE_0_Level1.Level1 up for play (max tick rate 60) at 2022.06.01-22.40.11
[2022.06.01-13.40.11:788][531]LogWorld: Bringing up level for play took: 0.015735
[2022.06.01-13.40.11:788][531]LogGameMode: FindPlayerStart: PATHS NOT DEFINED or NO PLAYERSTART with positive rating
[2022.06.01-13.40.11:791][531]LogLoad: Took 0.791226 seconds to LoadMap(/Game/StarterBundle/ModularScifiHallways/Maps/Level1)
[2022.06.01-13.40.16:372][805]LogBlueprintUserMessages: [PlayerStart_1] NINJA : false
[2022.06.01-13.40.16:879][835]LogBlueprintUserMessages: [PlayerStart_1] NINJA : true
[2022.06.01-13.40.17:312][861]LogBlueprintUserMessages: [PlayerStart_1] NINJA : false
[2022.06.01-13.40.17:795][890]LogBlueprintUserMessages: [PlayerStart_1] NINJA : true
[2022.06.01-13.40.17:811][891]LogBlueprintUserMessages: [PlayerStart_1] NINJA : false
[2022.06.01-13.40.17:845][893]LogBlueprintUserMessages: [PlayerStart_1] NINJA : true
[2022.06.01-13.40.17:911][897]LogBlueprintUserMessages: [PlayerStart_1] NINJA : false
[2022.06.01-13.40.18:461][930]LogBlueprintUserMessages: [PlayerStart_1] NINJA : true
[2022.06.01-13.40.32:730][786]LogAudioMixer: Display: No commands were queued while flushing the source manager.
[2022.06.01-13.40.32:730][786]LogAudioMixer: Display: No commands were queued while flushing the source manager.
[2022.06.01-13.40.32:730][786]LogBlueprintUserMessages: Early EndPlayMap Detection: Level '/Game/StarterBundle/ModularScifiHallways/Maps/Mainmenu.Mainmenu:PersistentLevel' has LevelScriptBlueprint '/Game/StarterBundle/ModularScifiHallways/Maps/Mainmenu.Mainmenu:PersistentLevel.Mainmenu' with GeneratedClass '/Game/StarterBundle/ModularScifiHallways/Maps/Mainmenu.Mainmenu_C' with ClassGeneratedBy '/Game/StarterBundle/ModularScifiHallways/Maps/Mainmenu.Mainmenu:PersistentLevel.Mainmenu'
[2022.06.01-13.40.32:730][786]LogSlate: Updating window title bar state: overlay mode, drag disabled, window buttons hidden, title bar hidden
[2022.06.01-13.40.32:730][786]LogWorld: BeginTearingDown for /Game/StarterBundle/ModularScifiHallways/Maps/UEDPIE_0_Level1
[2022.06.01-13.40.32:730][786]LogAudioMixer: Display: No commands were queued while flushing the source manager.
[2022.06.01-13.40.32:731][786]LogWorld: UWorld::CleanupWorld for Level1, bSessionEnded=true, bCleanupResources=true
[2022.06.01-13.40.32:732][786]LogSlate: InvalidateAllWidgets triggered.  All widgets were invalidated
[2022.06.01-13.40.32:738][786]LogPlayLevel: Display: Shutting down PIE online subsystems
[2022.06.01-13.40.32:738][786]LogBlueprintUserMessages: Late EndPlayMap Detection: Level '/Game/StarterBundle/ModularScifiHallways/Maps/Mainmenu.Mainmenu:PersistentLevel' has LevelScriptBlueprint '/Game/StarterBundle/ModularScifiHallways/Maps/Mainmenu.Mainmenu:PersistentLevel.Mainmenu' with GeneratedClass '/Game/StarterBundle/ModularScifiHallways/Maps/Mainmenu.Mainmenu_C' with ClassGeneratedBy '/Game/StarterBundle/ModularScifiHallways/Maps/Mainmenu.Mainmenu:PersistentLevel.Mainmenu'
[2022.06.01-13.40.32:743][786]LogSlate: InvalidateAllWidgets triggered.  All widgets were invalidated
[2022.06.01-13.40.32:773][786]LogAudioMixer: Display: No commands were queued while flushing the source manager.
[2022.06.01-13.40.32:776][786]LogSlate: Updating window title bar state: overlay mode, drag disabled, window buttons hidden, title bar hidden
[2022.06.01-13.40.32:790][786]LogUObjectHash: Compacting FUObjectHashTables data took   3.28ms
[2022.06.01-13.40.32:829][788]LogPlayLevel: Display: Destroying online subsystem :Context_8
[2022.06.01-13.40.33:745][843]Cmd: SELECT NONE
