Log file open, 06/21/22 01:07:34
LogWindows: Failed to load 'aqProf.dll' (GetLastError=126)
LogWindows: File 'aqProf.dll' does not exist
LogWindows: Failed to load 'VtuneApi.dll' (GetLastError=126)
LogWindows: File 'VtuneApi.dll' does not exist
LogWindows: Failed to load 'VtuneApi32e.dll' (GetLastError=126)
LogWindows: File 'VtuneApi32e.dll' does not exist
LogConsoleResponse: Display: Failed to find resolution value strings in scalability ini. Falling back to default.
LogInit: Display: Running engine for game: Spy_Ball
LogPlatformFile: Not using cached read wrapper
LogTaskGraph: Started task graph with 5 named threads and 35 total threads with 3 sets of task threads.
LogStats: Stats thread started at 0.086857
LogD3D11RHI: Loaded GFSDK_Aftermath_Lib.x64.dll
LogICUInternationalization: ICU TimeZone Detection - Raw Offset: +9:00, Platform Override: ''
LogPluginManager: Mounting plugin Paper2D
LogPluginManager: Mounting plugin AISupport
LogPluginManager: Mounting plugin LightPropagationVolume
LogPluginManager: Mounting plugin ActorLayerUtilities
LogPluginManager: Mounting plugin AnimationSharing
LogPluginManager: Mounting plugin CLionSourceCodeAccess
LogPluginManager: Mounting plugin CodeLiteSourceCodeAccess
LogPluginManager: Mounting plugin GitSourceControl
LogPluginManager: Mounting plugin KDevelopSourceCodeAccess
LogPluginManager: Mounting plugin NullSourceCodeAccess
LogPluginManager: Mounting plugin PerforceSourceControl
LogPluginManager: Mounting plugin PlasticSourceControl
LogPluginManager: Mounting plugin SubversionSourceControl
LogPluginManager: Mounting plugin UObjectPlugin
LogPluginManager: Mounting plugin VisualStudioCodeSourceCodeAccess
LogPluginManager: Mounting plugin VisualStudioSourceCodeAccess
LogPluginManager: Mounting plugin XCodeSourceCodeAccess
LogPluginManager: Mounting plugin AssetManagerEditor
LogPluginManager: Mounting plugin CryptoKeys
LogPluginManager: Mounting plugin CurveEditorTools
LogPluginManager: Mounting plugin DataValidation
LogPluginManager: Mounting plugin FacialAnimation
LogPluginManager: Mounting plugin GameplayTagsEditor
LogPluginManager: Mounting plugin MacGraphicsSwitching
LogPluginManager: Mounting plugin MaterialAnalyzer
LogPluginManager: Mounting plugin MobileLauncherProfileWizard
LogPluginManager: Mounting plugin PluginBrowser
LogPluginManager: Mounting plugin SpeedTreeImporter
LogPluginManager: Mounting plugin DatasmithContent
LogPluginManager: Mounting plugin VariantManagerContent
LogPluginManager: Mounting plugin AlembicImporter
LogPluginManager: Mounting plugin AutomationUtils
LogPluginManager: Mounting plugin BackChannel
LogPluginManager: Mounting plugin CharacterAI
LogPluginManager: Mounting plugin GeometryCache
LogPluginManager: Mounting plugin PlatformCrypto
LogPluginManager: Mounting plugin ProxyLODPlugin
LogPluginManager: Mounting plugin SkeletalReduction
LogPluginManager: Mounting plugin MagicLeap
LogPluginManager: Mounting plugin MagicLeapMedia
LogPluginManager: Mounting plugin MLSDK
LogPluginManager: Mounting plugin AndroidMedia
LogPluginManager: Mounting plugin AvfMedia
LogPluginManager: Mounting plugin ImgMedia
LogPluginManager: Mounting plugin MediaCompositing
LogPluginManager: Mounting plugin MediaPlayerEditor
LogPluginManager: Mounting plugin WebMMedia
LogPluginManager: Mounting plugin WmfMedia
LogPluginManager: Mounting plugin TcpMessaging
LogPluginManager: Mounting plugin UdpMessaging
LogPluginManager: Mounting plugin ActorSequence
LogPluginManager: Mounting plugin LevelSequenceEditor
LogPluginManager: Mounting plugin MatineeToLevelSequence
LogPluginManager: Mounting plugin NetcodeUnitTest
LogPluginManager: Mounting plugin NUTUnrealEngine4
LogPluginManager: Mounting plugin OnlineSubsystemGooglePlay
LogPluginManager: Mounting plugin OnlineSubsystemIOS
LogPluginManager: Mounting plugin OnlineSubsystem
LogPluginManager: Mounting plugin OnlineSubsystemNull
LogPluginManager: Mounting plugin OnlineSubsystemUtils
LogPluginManager: Mounting plugin LauncherChunkInstaller
LogPluginManager: Mounting plugin AndroidDeviceProfileSelector
LogPluginManager: Mounting plugin AndroidMoviePlayer
LogPluginManager: Mounting plugin AndroidPermission
LogPluginManager: Mounting plugin AppleImageUtils
LogPluginManager: Mounting plugin AppleMoviePlayer
LogPluginManager: Mounting plugin ArchVisCharacter
LogPluginManager: Mounting plugin AssetTags
LogPluginManager: Mounting plugin AudioCapture
LogPluginManager: Mounting plugin CableComponent
LogPluginManager: Mounting plugin CustomMeshComponent
LogPluginManager: Mounting plugin EditableMesh
LogPluginManager: Mounting plugin ExampleDeviceProfileSelector
LogPluginManager: Mounting plugin GoogleCloudMessaging
LogPluginManager: Mounting plugin IOSDeviceProfileSelector
LogPluginManager: Mounting plugin LinuxDeviceProfileSelector
LogPluginManager: Mounting plugin LocationServicesBPLibrary
LogPluginManager: Mounting plugin MobilePatchingUtils
LogPluginManager: Mounting plugin OculusVR
LogPluginManager: Mounting plugin PhysXVehicles
LogPluginManager: Mounting plugin PostSplashScreen
LogPluginManager: Mounting plugin ProceduralMeshComponent
LogPluginManager: Mounting plugin RuntimePhysXCooking
LogPluginManager: Mounting plugin SignificanceManager
LogPluginManager: Mounting plugin SteamVR
LogPluginManager: Mounting plugin WebMMoviePlayer
LogPluginManager: Mounting plugin WindowsMoviePlayer
LogPluginManager: Mounting plugin ScreenshotTools
LogInit: Using libcurl 7.55.1-DEV
LogInit:  - built for x86_64-pc-win32
LogInit:  - supports SSL with OpenSSL/1.1.1
LogInit:  - supports HTTP deflate (compression) using libz 1.2.8
LogInit:  - other features:
LogInit:      CURL_VERSION_SSL
LogInit:      CURL_VERSION_LIBZ
LogInit:      CURL_VERSION_IPV6
LogInit:      CURL_VERSION_ASYNCHDNS
LogInit:      CURL_VERSION_LARGEFILE
LogInit:      CURL_VERSION_IDN
LogInit:  CurlRequestOptions (configurable via config and command line):
LogInit:  - bVerifyPeer = true  - Libcurl will verify peer certificate
LogInit:  - bUseHttpProxy = false  - Libcurl will NOT use HTTP proxy
LogInit:  - bDontReuseConnections = false  - Libcurl will reuse connections
LogInit:  - MaxHostConnections = 16  - Libcurl will limit the number of connections to a host
LogInit:  - LocalHostAddr = Default
LogInit:  - BufferSize = 65536
LogOnline: OSS: Creating online subsystem instance for: NULL
LogInit: WinSock: version 1.1 (2.2), MaxSocks=32767, MaxUdp=65467
LogOnline: OSS: TryLoadSubsystemAndSetDefault: Loaded subsystem for module [NULL]
LogInit: Build: ++UE4+Release-4.24-CL-11590370
LogInit: Engine Version: 4.24.3-11590370+++UE4+Release-4.24
LogInit: Compatible Engine Version: 4.24.0-10570792+++UE4+Release-4.24
LogInit: Net CL: 10570792
LogInit: OS: Windows 10 (Release 2009) (), CPU: Intel(R) Core(TM) i5-10400F CPU @ 2.90GHz, GPU: NVIDIA GeForce GTX 1660 Ti
LogInit: Compiled (64-bit): Feb 24 2020 15:39:18
LogInit: Compiled with Visual C++: 19.16.27032.01
LogInit: Build Configuration: Development
LogInit: Branch Name: ++UE4+Release-4.24
LogInit: Command Line:  /Game/StarterBundle/ModularScifiHallways/Maps/Mainmenu -game -PIEVIACONSOLE -ResX=1280 -ResY=720 -Multiprocess -messaging -SessionName="Play in Standalone Game" -windowed
LogInit: Base Directory: C:/Program Files/Epic Games/UE_4.24/Engine/Binaries/Win64/
LogInit: Installed Engine Build: 1
LogDevObjectVersion: Number of dev versions registered: 25
LogDevObjectVersion:   Dev-Blueprints (B0D832E4-1F89-4F0D-ACCF-7EB736FD4AA2): 10
LogDevObjectVersion:   Dev-Build (E1C64328-A22C-4D53-A36C-8E866417BD8C): 0
LogDevObjectVersion:   Dev-Core (375EC13C-06E4-48FB-B500-84F0262A717E): 3
LogDevObjectVersion:   Dev-Editor (E4B068ED-F494-42E9-A231-DA0B2E46BB41): 37
LogDevObjectVersion:   Dev-Framework (CFFC743F-43B0-4480-9391-14DF171D2073): 36
LogDevObjectVersion:   Dev-Mobile (B02B49B5-BB20-44E9-A304-32B752E40360): 2
LogDevObjectVersion:   Dev-Networking (A4E4105C-59A1-49B5-A7C5-40C4547EDFEE): 0
LogDevObjectVersion:   Dev-Online (39C831C9-5AE6-47DC-9A44-9C173E1C8E7C): 0
LogDevObjectVersion:   Dev-Physics (78F01B33-EBEA-4F98-B9B4-84EACCB95AA2): 2
LogDevObjectVersion:   Dev-Platform (6631380F-2D4D-43E0-8009-CF276956A95A): 0
LogDevObjectVersion:   Dev-Rendering (12F88B9F-8875-4AFC-A67C-D90C383ABD29): 36
LogDevObjectVersion:   Dev-Sequencer (7B5AE74C-D270-4C10-A958-57980B212A5A): 11
LogDevObjectVersion:   Dev-VR (D7296918-1DD6-4BDD-9DE2-64A83CC13884): 2
LogDevObjectVersion:   Dev-LoadTimes (C2A15278-BFE7-4AFE-6C17-90FF531DF755): 1
LogDevObjectVersion:   Private-Geometry (6EACA3D4-40EC-4CC1-B786-8BED09428FC5): 3
LogDevObjectVersion:   Dev-AnimPhys (29E575DD-E0A3-4627-9D10-D276232CDCEA): 17
LogDevObjectVersion:   Dev-Anim (AF43A65D-7FD3-4947-9873-3E8ED9C1BB05): 2
LogDevObjectVersion:   Dev-ReflectionCapture (6B266CEC-1EC7-4B8F-A30B-E4D90942FC07): 1
LogDevObjectVersion:   Dev-Automation (0DF73D61-A23F-47EA-B727-89E90C41499A): 1
LogDevObjectVersion:   FortniteMain (601D1886-AC64-4F84-AA16-D3DE0DEAC7D6): 31
LogDevObjectVersion:   Dev-Enterprise (9DFFBCD6-494F-0158-E221-12823C92A888): 8
LogDevObjectVersion:   Dev-Niagara (F2AED0AC-9AFE-416F-8664-AA7FFA26D6FC): 1
LogDevObjectVersion:   Dev-Destruction (174F1F0B-B4C6-45A5-B13F-2EE8D0FB917D): 9
LogDevObjectVersion:   Dev-Physics-Ext (35F94A83-E258-406C-A318-09F59610247C): 8
LogDevObjectVersion:   Dev-CineCamera (B2E18506-4273-CFC2-A54E-F4BB758BBA07): 1
LogInit: Presizing for max 25165824 objects, including 0 objects not considered by GC, pre-allocating 0 bytes for permanent pool.
LogInit: Object subsystem initialized
LogConfig: Setting CVar [[con.DebugEarlyDefault:1]]
LogConfig: Setting CVar [[r.setres:1280x720]]
[2022.06.20-16.07.34:999][  0]LogConfig: Setting CVar [[con.DebugEarlyDefault:1]]
[2022.06.20-16.07.34:999][  0]LogConfig: Setting CVar [[r.setres:1280x720]]
[2022.06.20-16.07.34:999][  0]LogConfig: Applying CVar settings from Section [/Script/Engine.RendererSettings] File [C:/Users/serio/Spyball/Spy_Ball/Saved/Config/Windows/Engine.ini]
[2022.06.20-16.07.34:999][  0]LogConfig: Setting CVar [[r.GPUCrashDebugging:0]]
[2022.06.20-16.07.34:999][  0]LogConfig: Applying CVar settings from Section [/Script/Engine.RendererOverrideSettings] File [C:/Users/serio/Spyball/Spy_Ball/Saved/Config/Windows/Engine.ini]
[2022.06.20-16.07.34:999][  0]LogConfig: Applying CVar settings from Section [/Script/Engine.StreamingSettings] File [C:/Users/serio/Spyball/Spy_Ball/Saved/Config/Windows/Engine.ini]
[2022.06.20-16.07.34:999][  0]LogConfig: Setting CVar [[s.MinBulkDataSizeForAsyncLoading:131072]]
[2022.06.20-16.07.34:999][  0]LogConfig: Setting CVar [[s.AsyncLoadingThreadEnabled:0]]
[2022.06.20-16.07.34:999][  0]LogConfig: Setting CVar [[s.EventDrivenLoaderEnabled:1]]
[2022.06.20-16.07.34:999][  0]LogConfig: Setting CVar [[s.WarnIfTimeLimitExceeded:0]]
[2022.06.20-16.07.34:999][  0]LogConfig: Setting CVar [[s.TimeLimitExceededMultiplier:1.5]]
[2022.06.20-16.07.34:999][  0]LogConfig: Setting CVar [[s.TimeLimitExceededMinTime:0.005]]
[2022.06.20-16.07.34:999][  0]LogConfig: Setting CVar [[s.UseBackgroundLevelStreaming:1]]
[2022.06.20-16.07.34:999][  0]LogConfig: Setting CVar [[s.PriorityAsyncLoadingExtraTime:15.0]]
[2022.06.20-16.07.34:999][  0]LogConfig: Setting CVar [[s.LevelStreamingActorsUpdateTimeLimit:5.0]]
[2022.06.20-16.07.34:999][  0]LogConfig: Setting CVar [[s.PriorityLevelStreamingActorsUpdateExtraTime:5.0]]
[2022.06.20-16.07.34:999][  0]LogConfig: Setting CVar [[s.LevelStreamingComponentsRegistrationGranularity:10]]
[2022.06.20-16.07.34:999][  0]LogConfig: Setting CVar [[s.UnregisterComponentsTimeLimit:1.0]]
[2022.06.20-16.07.34:999][  0]LogConfig: Setting CVar [[s.LevelStreamingComponentsUnregistrationGranularity:5]]
[2022.06.20-16.07.34:999][  0]LogConfig: Setting CVar [[s.FlushStreamingOnExit:1]]
[2022.06.20-16.07.34:999][  0]LogConfig: Applying CVar settings from Section [/Script/Engine.GarbageCollectionSettings] File [C:/Users/serio/Spyball/Spy_Ball/Saved/Config/Windows/Engine.ini]
[2022.06.20-16.07.34:999][  0]LogConfig: Setting CVar [[gc.MaxObjectsNotConsideredByGC:1]]
[2022.06.20-16.07.34:999][  0]LogConfig: Setting CVar [[gc.SizeOfPermanentObjectPool:0]]
[2022.06.20-16.07.34:999][  0]LogConfig: Setting CVar [[gc.FlushStreamingOnGC:0]]
[2022.06.20-16.07.34:999][  0]LogConfig: Setting CVar [[gc.NumRetriesBeforeForcingGC:10]]
[2022.06.20-16.07.34:999][  0]LogConfig: Setting CVar [[gc.AllowParallelGC:1]]
[2022.06.20-16.07.34:999][  0]LogConfig: Setting CVar [[gc.TimeBetweenPurgingPendingKillObjects:61.1]]
[2022.06.20-16.07.34:999][  0]LogConfig: Setting CVar [[gc.MaxObjectsInEditor:25165824]]
[2022.06.20-16.07.34:999][  0]LogConfig: Setting CVar [[gc.IncrementalBeginDestroyEnabled:1]]
[2022.06.20-16.07.34:999][  0]LogConfig: Setting CVar [[gc.CreateGCClusters:1]]
[2022.06.20-16.07.34:999][  0]LogConfig: Setting CVar [[gc.MinGCClusterSize:5]]
[2022.06.20-16.07.34:999][  0]LogConfig: Setting CVar [[gc.ActorClusteringEnabled:0]]
[2022.06.20-16.07.34:999][  0]LogConfig: Setting CVar [[gc.BlueprintClusteringEnabled:0]]
[2022.06.20-16.07.34:999][  0]LogConfig: Setting CVar [[gc.UseDisregardForGCOnDedicatedServers:0]]
[2022.06.20-16.07.34:999][  0]LogConfig: Applying CVar settings from Section [/Script/Engine.NetworkSettings] File [C:/Users/serio/Spyball/Spy_Ball/Saved/Config/Windows/Engine.ini]
[2022.06.20-16.07.34:999][  0]LogConfig: Applying CVar settings from Section [/Script/UnrealEd.CookerSettings] File [C:/Users/serio/Spyball/Spy_Ball/Saved/Config/Windows/Engine.ini]
[2022.06.20-16.07.35:005][  0]LogConfig: Applying CVar settings from Section [ViewDistanceQuality@3] File [C:/Users/serio/Spyball/Spy_Ball/Saved/Config/Windows/Scalability.ini]
[2022.06.20-16.07.35:005][  0]LogConfig: Setting CVar [[r.SkeletalMeshLODBias:0]]
[2022.06.20-16.07.35:005][  0]LogConfig: Setting CVar [[r.ViewDistanceScale:1.0]]
[2022.06.20-16.07.35:005][  0]LogConfig: Applying CVar settings from Section [AntiAliasingQuality@3] File [C:/Users/serio/Spyball/Spy_Ball/Saved/Config/Windows/Scalability.ini]
[2022.06.20-16.07.35:005][  0]LogConfig: Setting CVar [[r.PostProcessAAQuality:4]]
[2022.06.20-16.07.35:005][  0]LogConfig: Applying CVar settings from Section [ShadowQuality@3] File [C:/Users/serio/Spyball/Spy_Ball/Saved/Config/Windows/Scalability.ini]
[2022.06.20-16.07.35:005][  0]LogConfig: Setting CVar [[r.LightFunctionQuality:1]]
[2022.06.20-16.07.35:005][  0]LogConfig: Setting CVar [[r.ShadowQuality:5]]
[2022.06.20-16.07.35:005][  0]LogConfig: Setting CVar [[r.Shadow.CSM.MaxCascades:10]]
[2022.06.20-16.07.35:005][  0]LogConfig: Setting CVar [[r.Shadow.MaxResolution:2048]]
[2022.06.20-16.07.35:005][  0]LogConfig: Setting CVar [[r.Shadow.MaxCSMResolution:2048]]
[2022.06.20-16.07.35:005][  0]LogConfig: Setting CVar [[r.Shadow.RadiusThreshold:0.01]]
[2022.06.20-16.07.35:005][  0]LogConfig: Setting CVar [[r.Shadow.DistanceScale:1.0]]
[2022.06.20-16.07.35:005][  0]LogConfig: Setting CVar [[r.Shadow.CSM.TransitionScale:1.0]]
[2022.06.20-16.07.35:005][  0]LogConfig: Setting CVar [[r.Shadow.PreShadowResolutionFactor:1.0]]
[2022.06.20-16.07.35:005][  0]LogConfig: Setting CVar [[r.DistanceFieldShadowing:1]]
[2022.06.20-16.07.35:005][  0]LogConfig: Setting CVar [[r.DistanceFieldAO:1]]
[2022.06.20-16.07.35:005][  0]LogConfig: Setting CVar [[r.AOQuality:2]]
[2022.06.20-16.07.35:005][  0]LogConfig: Setting CVar [[r.VolumetricFog:1]]
[2022.06.20-16.07.35:005][  0]LogConfig: Setting CVar [[r.VolumetricFog.GridPixelSize:8]]
[2022.06.20-16.07.35:005][  0]LogConfig: Setting CVar [[r.VolumetricFog.GridSizeZ:128]]
[2022.06.20-16.07.35:005][  0]LogConfig: Setting CVar [[r.VolumetricFog.HistoryMissSupersampleCount:4]]
[2022.06.20-16.07.35:005][  0]LogConfig: Setting CVar [[r.LightMaxDrawDistanceScale:1]]
[2022.06.20-16.07.35:005][  0]LogConfig: Setting CVar [[r.CapsuleShadows:1]]
[2022.06.20-16.07.35:005][  0]LogConfig: Applying CVar settings from Section [PostProcessQuality@3] File [C:/Users/serio/Spyball/Spy_Ball/Saved/Config/Windows/Scalability.ini]
[2022.06.20-16.07.35:005][  0]LogConfig: Setting CVar [[r.MotionBlurQuality:4]]
[2022.06.20-16.07.35:005][  0]LogConfig: Setting CVar [[r.AmbientOcclusionMipLevelFactor:0.4]]
[2022.06.20-16.07.35:005][  0]LogConfig: Setting CVar [[r.AmbientOcclusionMaxQuality:100]]
[2022.06.20-16.07.35:005][  0]LogConfig: Setting CVar [[r.AmbientOcclusionLevels:-1]]
[2022.06.20-16.07.35:005][  0]LogConfig: Setting CVar [[r.AmbientOcclusionRadiusScale:1.0]]
[2022.06.20-16.07.35:005][  0]LogConfig: Setting CVar [[r.DepthOfFieldQuality:2]]
[2022.06.20-16.07.35:006][  0]LogConfig: Setting CVar [[r.RenderTargetPoolMin:400]]
[2022.06.20-16.07.35:006][  0]LogConfig: Setting CVar [[r.LensFlareQuality:2]]
[2022.06.20-16.07.35:006][  0]LogConfig: Setting CVar [[r.SceneColorFringeQuality:1]]
[2022.06.20-16.07.35:006][  0]LogConfig: Setting CVar [[r.EyeAdaptationQuality:2]]
[2022.06.20-16.07.35:006][  0]LogConfig: Setting CVar [[r.BloomQuality:5]]
[2022.06.20-16.07.35:006][  0]LogConfig: Setting CVar [[r.FastBlurThreshold:100]]
[2022.06.20-16.07.35:006][  0]LogConfig: Setting CVar [[r.Upscale.Quality:3]]
[2022.06.20-16.07.35:006][  0]LogConfig: Setting CVar [[r.Tonemapper.GrainQuantization:1]]
[2022.06.20-16.07.35:006][  0]LogConfig: Setting CVar [[r.LightShaftQuality:1]]
[2022.06.20-16.07.35:006][  0]LogConfig: Setting CVar [[r.Filter.SizeScale:1]]
[2022.06.20-16.07.35:006][  0]LogConfig: Setting CVar [[r.Tonemapper.Quality:5]]
[2022.06.20-16.07.35:006][  0]LogConfig: Setting CVar [[r.DOF.Gather.AccumulatorQuality:1        ; higher gathering accumulator quality]]
[2022.06.20-16.07.35:006][  0]LogConfig: Setting CVar [[r.DOF.Gather.PostfilterMethod:1          ; Median3x3 postfilering method]]
[2022.06.20-16.07.35:006][  0]LogConfig: Setting CVar [[r.DOF.Gather.EnableBokehSettings:0       ; no bokeh simulation when gathering]]
[2022.06.20-16.07.35:006][  0]LogConfig: Setting CVar [[r.DOF.Gather.RingCount:4                 ; medium number of samples when gathering]]
[2022.06.20-16.07.35:006][  0]LogConfig: Setting CVar [[r.DOF.Scatter.ForegroundCompositing:1    ; additive foreground scattering]]
[2022.06.20-16.07.35:006][  0]LogConfig: Setting CVar [[r.DOF.Scatter.BackgroundCompositing:2    ; additive background scattering]]
[2022.06.20-16.07.35:006][  0]LogConfig: Setting CVar [[r.DOF.Scatter.EnableBokehSettings:1      ; bokeh simulation when scattering]]
[2022.06.20-16.07.35:006][  0]LogConfig: Setting CVar [[r.DOF.Scatter.MaxSpriteRatio:0.1         ; only a maximum of 10% of scattered bokeh]]
[2022.06.20-16.07.35:006][  0]LogConfig: Setting CVar [[r.DOF.Recombine.Quality:1                ; cheap slight out of focus]]
[2022.06.20-16.07.35:006][  0]LogConfig: Setting CVar [[r.DOF.Recombine.EnableBokehSettings:0    ; no bokeh simulation on slight out of focus]]
[2022.06.20-16.07.35:006][  0]LogConfig: Setting CVar [[r.DOF.TemporalAAQuality:1                ; more stable temporal accumulation]]
[2022.06.20-16.07.35:006][  0]LogConfig: Setting CVar [[r.DOF.Kernel.MaxForegroundRadius:0.025]]
[2022.06.20-16.07.35:006][  0]LogConfig: Setting CVar [[r.DOF.Kernel.MaxBackgroundRadius:0.025]]
[2022.06.20-16.07.35:006][  0]LogConfig: Applying CVar settings from Section [TextureQuality@3] File [C:/Users/serio/Spyball/Spy_Ball/Saved/Config/Windows/Scalability.ini]
[2022.06.20-16.07.35:006][  0]LogConfig: Setting CVar [[r.Streaming.MipBias:0]]
[2022.06.20-16.07.35:006][  0]LogConfig: Setting CVar [[r.Streaming.AmortizeCPUToGPUCopy:0]]
[2022.06.20-16.07.35:006][  0]LogConfig: Setting CVar [[r.Streaming.MaxNumTexturesToStreamPerFrame:0]]
[2022.06.20-16.07.35:006][  0]LogConfig: Setting CVar [[r.Streaming.Boost:1]]
[2022.06.20-16.07.35:006][  0]LogConfig: Setting CVar [[r.MaxAnisotropy:8]]
[2022.06.20-16.07.35:006][  0]LogConfig: Setting CVar [[r.VT.MaxAnisotropy:8]]
[2022.06.20-16.07.35:006][  0]LogConfig: Setting CVar [[r.Streaming.LimitPoolSizeToVRAM:0]]
[2022.06.20-16.07.35:006][  0]LogConfig: Setting CVar [[r.Streaming.PoolSize:1000]]
[2022.06.20-16.07.35:006][  0]LogConfig: Setting CVar [[r.Streaming.MaxEffectiveScreenSize:0]]
[2022.06.20-16.07.35:006][  0]LogConfig: Applying CVar settings from Section [EffectsQuality@3] File [C:/Users/serio/Spyball/Spy_Ball/Saved/Config/Windows/Scalability.ini]
[2022.06.20-16.07.35:006][  0]LogConfig: Setting CVar [[r.TranslucencyLightingVolumeDim:64]]
[2022.06.20-16.07.35:006][  0]LogConfig: Setting CVar [[r.RefractionQuality:2]]
[2022.06.20-16.07.35:006][  0]LogConfig: Setting CVar [[r.SSR.Quality:3]]
[2022.06.20-16.07.35:006][  0]LogConfig: Setting CVar [[r.SSR.HalfResSceneColor:0]]
[2022.06.20-16.07.35:006][  0]LogConfig: Setting CVar [[r.SceneColorFormat:4]]
[2022.06.20-16.07.35:006][  0]LogConfig: Setting CVar [[r.DetailMode:2]]
[2022.06.20-16.07.35:006][  0]LogConfig: Setting CVar [[r.TranslucencyVolumeBlur:1]]
[2022.06.20-16.07.35:006][  0]LogConfig: Setting CVar [[r.MaterialQualityLevel:1 ; High quality]]
[2022.06.20-16.07.35:006][  0]LogConfig: Setting CVar [[r.SSS.Scale:1]]
[2022.06.20-16.07.35:006][  0]LogConfig: Setting CVar [[r.SSS.SampleSet:2]]
[2022.06.20-16.07.35:006][  0]LogConfig: Setting CVar [[r.SSS.Quality:1]]
[2022.06.20-16.07.35:006][  0]LogConfig: Setting CVar [[r.SSS.HalfRes:1]]
[2022.06.20-16.07.35:006][  0]LogConfig: Setting CVar [[r.SSGI.Quality:3]]
[2022.06.20-16.07.35:006][  0]LogConfig: Setting CVar [[r.EmitterSpawnRateScale:1.0]]
[2022.06.20-16.07.35:006][  0]LogConfig: Setting CVar [[r.ParticleLightQuality:2]]
[2022.06.20-16.07.35:006][  0]LogConfig: Setting CVar [[r.SkyAtmosphere.AerialPerspectiveLUT.FastApplyOnOpaque:1 ; Always have FastSkyLUT 1 in this case to avoid wrong sky]]
[2022.06.20-16.07.35:006][  0]LogConfig: Setting CVar [[r.SkyAtmosphere.AerialPerspectiveLUT.SampleCountPerSlice:1]]
[2022.06.20-16.07.35:006][  0]LogConfig: Setting CVar [[r.SkyAtmosphere.AerialPerspectiveLUT.DepthResolution:16.0]]
[2022.06.20-16.07.35:006][  0]LogConfig: Setting CVar [[r.SkyAtmosphere.FastSkyLUT:1]]
[2022.06.20-16.07.35:006][  0]LogConfig: Setting CVar [[r.SkyAtmosphere.FastSkyLUT.SampleCountMin:4.0]]
[2022.06.20-16.07.35:006][  0]LogConfig: Setting CVar [[r.SkyAtmosphere.FastSkyLUT.SampleCountMax:32.0]]
[2022.06.20-16.07.35:006][  0]LogConfig: Setting CVar [[r.SkyAtmosphere.SampleCountMin:4.0]]
[2022.06.20-16.07.35:006][  0]LogConfig: Setting CVar [[r.SkyAtmosphere.SampleCountMax:32.0]]
[2022.06.20-16.07.35:006][  0]LogConfig: Setting CVar [[r.SkyAtmosphere.TransmittanceLUT.UseSmallFormat:0]]
[2022.06.20-16.07.35:006][  0]LogConfig: Setting CVar [[r.SkyAtmosphere.TransmittanceLUT.SampleCount:10.0]]
[2022.06.20-16.07.35:006][  0]LogConfig: Setting CVar [[r.SkyAtmosphere.MultiScatteringLUT.SampleCount:15.0]]
[2022.06.20-16.07.35:006][  0]LogConfig: Applying CVar settings from Section [FoliageQuality@3] File [C:/Users/serio/Spyball/Spy_Ball/Saved/Config/Windows/Scalability.ini]
[2022.06.20-16.07.35:006][  0]LogConfig: Setting CVar [[foliage.DensityScale:1.0]]
[2022.06.20-16.07.35:006][  0]LogConfig: Setting CVar [[grass.DensityScale:1.0]]
[2022.06.20-16.07.35:006][  0]LogConfig: Applying CVar settings from Section [ShadingQuality@3] File [C:/Users/serio/Spyball/Spy_Ball/Saved/Config/Windows/Scalability.ini]
[2022.06.20-16.07.35:006][  0]LogConfig: Setting CVar [[r.HairStrands.SkyLighting.SampleCount:16]]
[2022.06.20-16.07.35:006][  0]LogConfig: Setting CVar [[r.HairStrands.SkyLighting.JitterIntegration:0]]
[2022.06.20-16.07.35:006][  0]LogConfig: Setting CVar [[r.HairStrands.SkyAO.SampleCount:16]]
[2022.06.20-16.07.35:006][  0]LogInit: Selected Device Profile: [Windows]
[2022.06.20-16.07.35:006][  0]LogInit: Applying CVar settings loaded from the selected device profile: [Windows]
[2022.06.20-16.07.35:010][  0]LogHAL: Display: Platform has ~ 16 GB [17114873856 / 17179869184 / 16], which maps to Larger [LargestMinGB=32, LargerMinGB=12, DefaultMinGB=8, SmallerMinGB=6, SmallestMinGB=0)
[2022.06.20-16.07.35:010][  0]LogInit: Going up to parent DeviceProfile []
[2022.06.20-16.07.35:010][  0]LogConfig: Applying CVar settings from Section [ViewDistanceQuality@3] File [C:/Users/serio/Spyball/Spy_Ball/Saved/Config/Windows/Scalability.ini]
[2022.06.20-16.07.35:010][  0]LogConfig: Setting CVar [[r.SkeletalMeshLODBias:0]]
[2022.06.20-16.07.35:010][  0]LogConfig: Setting CVar [[r.ViewDistanceScale:1.0]]
[2022.06.20-16.07.35:010][  0]LogConfig: Applying CVar settings from Section [AntiAliasingQuality@3] File [C:/Users/serio/Spyball/Spy_Ball/Saved/Config/Windows/Scalability.ini]
[2022.06.20-16.07.35:010][  0]LogConfig: Setting CVar [[r.PostProcessAAQuality:4]]
[2022.06.20-16.07.35:010][  0]LogConfig: Applying CVar settings from Section [ShadowQuality@3] File [C:/Users/serio/Spyball/Spy_Ball/Saved/Config/Windows/Scalability.ini]
[2022.06.20-16.07.35:010][  0]LogConfig: Setting CVar [[r.LightFunctionQuality:1]]
[2022.06.20-16.07.35:010][  0]LogConfig: Setting CVar [[r.ShadowQuality:5]]
[2022.06.20-16.07.35:010][  0]LogConfig: Setting CVar [[r.Shadow.CSM.MaxCascades:10]]
[2022.06.20-16.07.35:010][  0]LogConfig: Setting CVar [[r.Shadow.MaxResolution:2048]]
[2022.06.20-16.07.35:010][  0]LogConfig: Setting CVar [[r.Shadow.MaxCSMResolution:2048]]
[2022.06.20-16.07.35:010][  0]LogConfig: Setting CVar [[r.Shadow.RadiusThreshold:0.01]]
[2022.06.20-16.07.35:010][  0]LogConfig: Setting CVar [[r.Shadow.DistanceScale:1.0]]
[2022.06.20-16.07.35:010][  0]LogConfig: Setting CVar [[r.Shadow.CSM.TransitionScale:1.0]]
[2022.06.20-16.07.35:010][  0]LogConfig: Setting CVar [[r.Shadow.PreShadowResolutionFactor:1.0]]
[2022.06.20-16.07.35:010][  0]LogConfig: Setting CVar [[r.DistanceFieldShadowing:1]]
[2022.06.20-16.07.35:010][  0]LogConfig: Setting CVar [[r.DistanceFieldAO:1]]
[2022.06.20-16.07.35:010][  0]LogConfig: Setting CVar [[r.AOQuality:2]]
[2022.06.20-16.07.35:010][  0]LogConfig: Setting CVar [[r.VolumetricFog:1]]
[2022.06.20-16.07.35:010][  0]LogConfig: Setting CVar [[r.VolumetricFog.GridPixelSize:8]]
[2022.06.20-16.07.35:010][  0]LogConfig: Setting CVar [[r.VolumetricFog.GridSizeZ:128]]
[2022.06.20-16.07.35:010][  0]LogConfig: Setting CVar [[r.VolumetricFog.HistoryMissSupersampleCount:4]]
[2022.06.20-16.07.35:010][  0]LogConfig: Setting CVar [[r.LightMaxDrawDistanceScale:1]]
[2022.06.20-16.07.35:010][  0]LogConfig: Setting CVar [[r.CapsuleShadows:1]]
[2022.06.20-16.07.35:010][  0]LogConfig: Applying CVar settings from Section [PostProcessQuality@3] File [C:/Users/serio/Spyball/Spy_Ball/Saved/Config/Windows/Scalability.ini]
[2022.06.20-16.07.35:010][  0]LogConfig: Setting CVar [[r.MotionBlurQuality:4]]
[2022.06.20-16.07.35:010][  0]LogConfig: Setting CVar [[r.AmbientOcclusionMipLevelFactor:0.4]]
[2022.06.20-16.07.35:010][  0]LogConfig: Setting CVar [[r.AmbientOcclusionMaxQuality:100]]
[2022.06.20-16.07.35:010][  0]LogConfig: Setting CVar [[r.AmbientOcclusionLevels:-1]]
[2022.06.20-16.07.35:010][  0]LogConfig: Setting CVar [[r.AmbientOcclusionRadiusScale:1.0]]
[2022.06.20-16.07.35:010][  0]LogConfig: Setting CVar [[r.DepthOfFieldQuality:2]]
[2022.06.20-16.07.35:010][  0]LogConfig: Setting CVar [[r.RenderTargetPoolMin:400]]
[2022.06.20-16.07.35:010][  0]LogConfig: Setting CVar [[r.LensFlareQuality:2]]
[2022.06.20-16.07.35:010][  0]LogConfig: Setting CVar [[r.SceneColorFringeQuality:1]]
[2022.06.20-16.07.35:010][  0]LogConfig: Setting CVar [[r.EyeAdaptationQuality:2]]
[2022.06.20-16.07.35:010][  0]LogConfig: Setting CVar [[r.BloomQuality:5]]
[2022.06.20-16.07.35:010][  0]LogConfig: Setting CVar [[r.FastBlurThreshold:100]]
[2022.06.20-16.07.35:010][  0]LogConfig: Setting CVar [[r.Upscale.Quality:3]]
[2022.06.20-16.07.35:010][  0]LogConfig: Setting CVar [[r.Tonemapper.GrainQuantization:1]]
[2022.06.20-16.07.35:011][  0]LogConfig: Setting CVar [[r.LightShaftQuality:1]]
[2022.06.20-16.07.35:011][  0]LogConfig: Setting CVar [[r.Filter.SizeScale:1]]
[2022.06.20-16.07.35:011][  0]LogConfig: Setting CVar [[r.Tonemapper.Quality:5]]
[2022.06.20-16.07.35:011][  0]LogConfig: Setting CVar [[r.DOF.Gather.AccumulatorQuality:1        ; higher gathering accumulator quality]]
[2022.06.20-16.07.35:011][  0]LogConfig: Setting CVar [[r.DOF.Gather.PostfilterMethod:1          ; Median3x3 postfilering method]]
[2022.06.20-16.07.35:011][  0]LogConfig: Setting CVar [[r.DOF.Gather.EnableBokehSettings:0       ; no bokeh simulation when gathering]]
[2022.06.20-16.07.35:011][  0]LogConfig: Setting CVar [[r.DOF.Gather.RingCount:4                 ; medium number of samples when gathering]]
[2022.06.20-16.07.35:011][  0]LogConfig: Setting CVar [[r.DOF.Scatter.ForegroundCompositing:1    ; additive foreground scattering]]
[2022.06.20-16.07.35:011][  0]LogConfig: Setting CVar [[r.DOF.Scatter.BackgroundCompositing:2    ; additive background scattering]]
[2022.06.20-16.07.35:011][  0]LogConfig: Setting CVar [[r.DOF.Scatter.EnableBokehSettings:1      ; bokeh simulation when scattering]]
[2022.06.20-16.07.35:011][  0]LogConfig: Setting CVar [[r.DOF.Scatter.MaxSpriteRatio:0.1         ; only a maximum of 10% of scattered bokeh]]
[2022.06.20-16.07.35:011][  0]LogConfig: Setting CVar [[r.DOF.Recombine.Quality:1                ; cheap slight out of focus]]
[2022.06.20-16.07.35:011][  0]LogConfig: Setting CVar [[r.DOF.Recombine.EnableBokehSettings:0    ; no bokeh simulation on slight out of focus]]
[2022.06.20-16.07.35:011][  0]LogConfig: Setting CVar [[r.DOF.TemporalAAQuality:1                ; more stable temporal accumulation]]
[2022.06.20-16.07.35:011][  0]LogConfig: Setting CVar [[r.DOF.Kernel.MaxForegroundRadius:0.025]]
[2022.06.20-16.07.35:011][  0]LogConfig: Setting CVar [[r.DOF.Kernel.MaxBackgroundRadius:0.025]]
[2022.06.20-16.07.35:011][  0]LogConfig: Applying CVar settings from Section [TextureQuality@3] File [C:/Users/serio/Spyball/Spy_Ball/Saved/Config/Windows/Scalability.ini]
[2022.06.20-16.07.35:011][  0]LogConfig: Setting CVar [[r.Streaming.MipBias:0]]
[2022.06.20-16.07.35:011][  0]LogConfig: Setting CVar [[r.Streaming.AmortizeCPUToGPUCopy:0]]
[2022.06.20-16.07.35:011][  0]LogConfig: Setting CVar [[r.Streaming.MaxNumTexturesToStreamPerFrame:0]]
[2022.06.20-16.07.35:011][  0]LogConfig: Setting CVar [[r.Streaming.Boost:1]]
[2022.06.20-16.07.35:011][  0]LogConfig: Setting CVar [[r.MaxAnisotropy:8]]
[2022.06.20-16.07.35:011][  0]LogConfig: Setting CVar [[r.VT.MaxAnisotropy:8]]
[2022.06.20-16.07.35:011][  0]LogConfig: Setting CVar [[r.Streaming.LimitPoolSizeToVRAM:0]]
[2022.06.20-16.07.35:011][  0]LogConfig: Setting CVar [[r.Streaming.PoolSize:1000]]
[2022.06.20-16.07.35:011][  0]LogConfig: Setting CVar [[r.Streaming.MaxEffectiveScreenSize:0]]
[2022.06.20-16.07.35:011][  0]LogConfig: Applying CVar settings from Section [EffectsQuality@3] File [C:/Users/serio/Spyball/Spy_Ball/Saved/Config/Windows/Scalability.ini]
[2022.06.20-16.07.35:011][  0]LogConfig: Setting CVar [[r.TranslucencyLightingVolumeDim:64]]
[2022.06.20-16.07.35:011][  0]LogConfig: Setting CVar [[r.RefractionQuality:2]]
[2022.06.20-16.07.35:011][  0]LogConfig: Setting CVar [[r.SSR.Quality:3]]
[2022.06.20-16.07.35:011][  0]LogConfig: Setting CVar [[r.SSR.HalfResSceneColor:0]]
[2022.06.20-16.07.35:011][  0]LogConfig: Setting CVar [[r.SceneColorFormat:4]]
[2022.06.20-16.07.35:011][  0]LogConfig: Setting CVar [[r.DetailMode:2]]
[2022.06.20-16.07.35:011][  0]LogConfig: Setting CVar [[r.TranslucencyVolumeBlur:1]]
[2022.06.20-16.07.35:011][  0]LogConfig: Setting CVar [[r.MaterialQualityLevel:1 ; High quality]]
[2022.06.20-16.07.35:011][  0]LogConfig: Setting CVar [[r.SSS.Scale:1]]
[2022.06.20-16.07.35:011][  0]LogConfig: Setting CVar [[r.SSS.SampleSet:2]]
[2022.06.20-16.07.35:011][  0]LogConfig: Setting CVar [[r.SSS.Quality:1]]
[2022.06.20-16.07.35:011][  0]LogConfig: Setting CVar [[r.SSS.HalfRes:1]]
[2022.06.20-16.07.35:011][  0]LogConfig: Setting CVar [[r.SSGI.Quality:3]]
[2022.06.20-16.07.35:011][  0]LogConfig: Setting CVar [[r.EmitterSpawnRateScale:1.0]]
[2022.06.20-16.07.35:011][  0]LogConfig: Setting CVar [[r.ParticleLightQuality:2]]
[2022.06.20-16.07.35:011][  0]LogConfig: Setting CVar [[r.SkyAtmosphere.AerialPerspectiveLUT.FastApplyOnOpaque:1 ; Always have FastSkyLUT 1 in this case to avoid wrong sky]]
[2022.06.20-16.07.35:011][  0]LogConfig: Setting CVar [[r.SkyAtmosphere.AerialPerspectiveLUT.SampleCountPerSlice:1]]
[2022.06.20-16.07.35:011][  0]LogConfig: Setting CVar [[r.SkyAtmosphere.AerialPerspectiveLUT.DepthResolution:16.0]]
[2022.06.20-16.07.35:011][  0]LogConfig: Setting CVar [[r.SkyAtmosphere.FastSkyLUT:1]]
[2022.06.20-16.07.35:011][  0]LogConfig: Setting CVar [[r.SkyAtmosphere.FastSkyLUT.SampleCountMin:4.0]]
[2022.06.20-16.07.35:011][  0]LogConfig: Setting CVar [[r.SkyAtmosphere.FastSkyLUT.SampleCountMax:32.0]]
[2022.06.20-16.07.35:011][  0]LogConfig: Setting CVar [[r.SkyAtmosphere.SampleCountMin:4.0]]
[2022.06.20-16.07.35:011][  0]LogConfig: Setting CVar [[r.SkyAtmosphere.SampleCountMax:32.0]]
[2022.06.20-16.07.35:011][  0]LogConfig: Setting CVar [[r.SkyAtmosphere.TransmittanceLUT.UseSmallFormat:0]]
[2022.06.20-16.07.35:011][  0]LogConfig: Setting CVar [[r.SkyAtmosphere.TransmittanceLUT.SampleCount:10.0]]
[2022.06.20-16.07.35:011][  0]LogConfig: Setting CVar [[r.SkyAtmosphere.MultiScatteringLUT.SampleCount:15.0]]
[2022.06.20-16.07.35:011][  0]LogConfig: Applying CVar settings from Section [FoliageQuality@3] File [C:/Users/serio/Spyball/Spy_Ball/Saved/Config/Windows/Scalability.ini]
[2022.06.20-16.07.35:011][  0]LogConfig: Setting CVar [[foliage.DensityScale:1.0]]
[2022.06.20-16.07.35:011][  0]LogConfig: Setting CVar [[grass.DensityScale:1.0]]
[2022.06.20-16.07.35:011][  0]LogConfig: Applying CVar settings from Section [ShadingQuality@3] File [C:/Users/serio/Spyball/Spy_Ball/Saved/Config/Windows/Scalability.ini]
[2022.06.20-16.07.35:011][  0]LogConfig: Setting CVar [[r.HairStrands.SkyLighting.SampleCount:16]]
[2022.06.20-16.07.35:011][  0]LogConfig: Setting CVar [[r.HairStrands.SkyLighting.JitterIntegration:0]]
[2022.06.20-16.07.35:011][  0]LogConfig: Setting CVar [[r.HairStrands.SkyAO.SampleCount:16]]
[2022.06.20-16.07.35:011][  0]LogConfig: Applying CVar settings from Section [Startup] File [../../../Engine/Config/ConsoleVariables.ini]
[2022.06.20-16.07.35:012][  0]LogConfig: Setting CVar [[net.UseAdaptiveNetUpdateFrequency:0]]
[2022.06.20-16.07.35:012][  0]LogConfig: Setting CVar [[p.chaos.AllowCreatePhysxBodies:1]]
[2022.06.20-16.07.35:012][  0]LogConfig: Applying CVar settings from Section [ConsoleVariables] File [C:/Users/serio/Spyball/Spy_Ball/Saved/Config/Windows/Engine.ini]
[2022.06.20-16.07.35:012][  0]LogInit: Computer: DESKTOP-VCDM53R
[2022.06.20-16.07.35:012][  0]LogInit: User: serio
[2022.06.20-16.07.35:012][  0]LogInit: CPU Page size=4096, Cores=6
[2022.06.20-16.07.35:012][  0]LogInit: High frequency timer resolution =10.000000 MHz
[2022.06.20-16.07.35:012][  0]LogMemory: Memory total: Physical=15.9GB (16GB approx)
[2022.06.20-16.07.35:012][  0]LogMemory: Platform Memory Stats for Windows
[2022.06.20-16.07.35:012][  0]LogMemory: Process Physical Memory: 109.58 MB used, 109.59 MB peak
[2022.06.20-16.07.35:012][  0]LogMemory: Process Virtual Memory: 101.66 MB used, 101.66 MB peak
[2022.06.20-16.07.35:012][  0]LogMemory: Physical Memory: 8484.55 MB used,  7837.46 MB free, 16322.02 MB total
[2022.06.20-16.07.35:012][  0]LogMemory: Virtual Memory: 5161.32 MB used,  134212568.00 MB free, 134217728.00 MB total
[2022.06.20-16.07.35:016][  0]LogWindows: WindowsPlatformFeatures enabled
[2022.06.20-16.07.35:113][  0]LogInit: Using OS detected language (ko-KR).
[2022.06.20-16.07.35:113][  0]LogInit: Using OS detected locale (ko-KR).
[2022.06.20-16.07.35:113][  0]LogTextLocalizationManager: No specific localization for 'ko-KR' exists, so the 'ko' localization will be used.
[2022.06.20-16.07.35:208][  0]LogSlate: New Slate User Created.  User Index 0, Is Virtual User: 0
[2022.06.20-16.07.35:208][  0]LogSlate: Slate User Registered.  User Index 0, Is Virtual User: 0
[2022.06.20-16.07.35:223][  0]LogHMD: Failed to initialize OpenVR with code 110
[2022.06.20-16.07.35:223][  0]LogD3D11RHI: D3D11 min allowed feature level: 11_0
[2022.06.20-16.07.35:223][  0]LogD3D11RHI: D3D11 max allowed feature level: 11_0
[2022.06.20-16.07.35:223][  0]LogD3D11RHI: D3D11 adapters:
[2022.06.20-16.07.35:336][  0]LogD3D11RHI:    0. 'NVIDIA GeForce GTX 1660 Ti' (Feature Level 11_0)
[2022.06.20-16.07.35:336][  0]LogD3D11RHI:       5991/0/8161 MB DedicatedVideo/DedicatedSystem/SharedSystem, Outputs:2, VendorId:0x10de
[2022.06.20-16.07.35:339][  0]LogD3D11RHI:    1. 'Microsoft Basic Render Driver' (Feature Level 11_0)
[2022.06.20-16.07.35:339][  0]LogD3D11RHI:       0/0/8161 MB DedicatedVideo/DedicatedSystem/SharedSystem, Outputs:0, VendorId:0x1414
[2022.06.20-16.07.35:339][  0]LogD3D11RHI: Chosen D3D11 Adapter: 0
[2022.06.20-16.07.35:344][  0]LogD3D11RHI: Creating new Direct3DDevice
[2022.06.20-16.07.35:344][  0]LogD3D11RHI:     GPU DeviceId: 0x2182 (for the marketing name, search the web for "GPU Device Id")
[2022.06.20-16.07.35:344][  0]LogWindows: EnumDisplayDevices:
[2022.06.20-16.07.35:344][  0]LogWindows:    0. 'NVIDIA GeForce GTX 1660 Ti' (P:1 D:1)
[2022.06.20-16.07.35:345][  0]LogWindows:    1. 'NVIDIA GeForce GTX 1660 Ti' (P:0 D:1)
[2022.06.20-16.07.35:346][  0]LogWindows:    2. 'NVIDIA GeForce GTX 1660 Ti' (P:0 D:0)
[2022.06.20-16.07.35:347][  0]LogWindows:    3. 'NVIDIA GeForce GTX 1660 Ti' (P:0 D:0)
[2022.06.20-16.07.35:347][  0]LogWindows: DebugString: FoundDriverCount:4 
[2022.06.20-16.07.35:347][  0]LogD3D11RHI:     Adapter Name: NVIDIA GeForce GTX 1660 Ti
[2022.06.20-16.07.35:347][  0]LogD3D11RHI:   Driver Version: 472.47 (internal:30.0.14.7247, unified:472.47)
[2022.06.20-16.07.35:347][  0]LogD3D11RHI:      Driver Date: 10-26-2021
[2022.06.20-16.07.35:347][  0]LogRHI: Texture pool is 4193 MB (70% of 5991 MB)
[2022.06.20-16.07.35:427][  0]LogD3D11RHI: RHI has support for 64 bit atomics
[2022.06.20-16.07.35:427][  0]LogD3D11RHI: Async texture creation enabled
[2022.06.20-16.07.35:430][  0]LogD3D11RHI: HDR output is supported on display 0 (NvId: 0x80061081).
[2022.06.20-16.07.35:442][  0]LogD3D11RHI: GPU Timing Frequency: 1000.000000 (Debug: 2 1)
[2022.06.20-16.07.35:772][  0]LogTargetPlatformManager: Display: Loaded TargetPlatform 'WindowsNoEditor'
[2022.06.20-16.07.35:775][  0]LogTargetPlatformManager: Display: Loaded TargetPlatform 'Windows'
[2022.06.20-16.07.35:782][  0]LogTargetPlatformManager: Display: Loaded TargetPlatform 'WindowsClient'
[2022.06.20-16.07.35:789][  0]LogTargetPlatformManager: Display: Loaded TargetPlatform 'WindowsServer'
[2022.06.20-16.07.35:789][  0]LogTargetPlatformManager: Display: Building Assets For Windows
[2022.06.20-16.07.35:793][  0]LogAudioDebug: Display: Lib vorbis DLL was dynamically loaded.
[2022.06.20-16.07.35:821][  0]LogShaderCompilers: Guid format shader working directory is -1 characters bigger than the processId version (../../../../../../Users/serio/Spyball/Spy_Ball/Intermediate/Shaders/WorkingDirectory/14844/).
[2022.06.20-16.07.35:821][  0]LogShaderCompilers: Cleaned the shader compiler working directory 'C:/Users/serio/AppData/Local/Temp/UnrealShaderWorkingDir/58FD62B74B5516B51094988CF6572E4E/'.
[2022.06.20-16.07.35:822][  0]LogXGEController: Cannot use XGE Controller as Incredibuild is not installed on this machine.
[2022.06.20-16.07.35:822][  0]LogShaderCompilers: Cannot use XGE Shader Compiler as Incredibuild is not installed on this machine.
[2022.06.20-16.07.35:822][  0]LogShaderCompilers: Display: Using Local Shader Compiler.
[2022.06.20-16.07.36:479][  0]LogDerivedDataCache: Display: Max Cache Size: 512 MB
[2022.06.20-16.07.36:521][  0]LogDerivedDataCache: Loaded boot cache 0.04s 78MB C:/Users/serio/AppData/Local/UnrealEngine/4.24/DerivedDataCache/Boot.ddc.
[2022.06.20-16.07.36:521][  0]LogDerivedDataCache: Display: Loaded Boot cache: C:/Users/serio/AppData/Local/UnrealEngine/4.24/DerivedDataCache/Boot.ddc
[2022.06.20-16.07.36:521][  0]LogDerivedDataCache: FDerivedDataBackendGraph:  Pak pak cache file ../../../../../../Users/serio/Spyball/Spy_Ball/DerivedDataCache/DDC.ddp not found, will not use a pak cache.
[2022.06.20-16.07.36:521][  0]LogDerivedDataCache: Unable to find inner node Pak for hierarchical cache Hierarchy.
[2022.06.20-16.07.36:521][  0]LogDerivedDataCache: FDerivedDataBackendGraph:  CompressedPak pak cache file ../../../../../../Users/serio/Spyball/Spy_Ball/DerivedDataCache/Compressed.ddp not found, will not use a pak cache.
[2022.06.20-16.07.36:521][  0]LogDerivedDataCache: Unable to find inner node CompressedPak for hierarchical cache Hierarchy.
[2022.06.20-16.07.36:530][  0]LogDerivedDataCache: Display: Pak cache opened for reading ../../../Engine/DerivedDataCache/Compressed.ddp.
[2022.06.20-16.07.36:530][  0]LogDerivedDataCache: FDerivedDataBackendGraph:  EnterprisePak pak cache file ../../../Enterprise/DerivedDataCache/Compressed.ddp not found, will not use a pak cache.
[2022.06.20-16.07.36:530][  0]LogDerivedDataCache: Unable to find inner node EnterprisePak for hierarchical cache Hierarchy.
[2022.06.20-16.07.36:531][  0]LogDerivedDataCache: Using Local data cache path C:/Users/serio/AppData/Local/UnrealEngine/Common/DerivedDataCache: Writable
[2022.06.20-16.07.36:532][  0]LogDerivedDataCache: Shared data cache path not found in *engine.ini, will not use an Shared cache.
[2022.06.20-16.07.36:532][  0]LogDerivedDataCache: Unable to find inner node Shared for hierarchical cache Hierarchy.
[2022.06.20-16.07.36:552][  0]LogMaterial: Verifying Global Shaders for PCD3D_SM5
[2022.06.20-16.07.36:554][  0]LogSlate: Using FreeType 2.10.0
[2022.06.20-16.07.36:554][  0]LogSlate: SlateFontServices - WITH_FREETYPE: 1, WITH_HARFBUZZ: 1
[2022.06.20-16.07.36:657][  0]LogInit: Using OS detected language (ko-KR).
[2022.06.20-16.07.36:657][  0]LogInit: Using OS detected locale (ko-KR).
[2022.06.20-16.07.36:657][  0]LogTextLocalizationManager: No localization for 'ko-KR' exists, so 'en' will be used for the language.
[2022.06.20-16.07.36:657][  0]LogTextLocalizationManager: No localization for 'ko-KR' exists, so 'en' will be used for the locale.
[2022.06.20-16.07.36:657][  0]LogSlate: FontCache flush requested. Reason: Culture for localization was changed
[2022.06.20-16.07.36:657][  0]LogSlate: FontCache flush requested. Reason: Culture for localization was changed
[2022.06.20-16.07.36:658][  0]LogTextLocalizationManager: Compacting localization data took   0.00ms
[2022.06.20-16.07.36:660][  0]LogAssetRegistry: FAssetRegistry took 0.0018 seconds to start up
[2022.06.20-16.07.36:844][  0]LogPackageLocalizationCache: Processed 10 localized package path(s) for 1 prioritized culture(s) in 0.000523 seconds
[2022.06.20-16.07.36:897][  0]LogInit: Selected Device Profile: [Windows]
[2022.06.20-16.07.37:008][  0]LogMeshReduction: Using QuadricMeshReduction for automatic static mesh reduction
[2022.06.20-16.07.37:008][  0]LogMeshReduction: Using SimplygonMeshReduction for automatic skeletal mesh reduction
[2022.06.20-16.07.37:008][  0]LogMeshReduction: Using ProxyLODMeshReduction for automatic mesh merging
[2022.06.20-16.07.37:008][  0]LogMeshReduction: No distributed automatic mesh merging module available
[2022.06.20-16.07.37:008][  0]LogMeshMerging: No distributed automatic mesh merging module available
[2022.06.20-16.07.37:020][  0]LogNetVersion: Spy_Ball 1.0.0, NetCL: 10570792, EngineNetVer: 13, GameNetVer: 0 (Checksum: 749630213)
[2022.06.20-16.07.37:447][  0]LogMoviePlayer: Initializing movie player
[2022.06.20-16.07.37:533][  0]LogTcpMessaging: Initializing TcpMessaging bridge
[2022.06.20-16.07.37:535][  0]LogUdpMessaging: Initializing bridge on interface 0.0.0.0:0 to multicast group 230.0.0.1:6666.
[2022.06.20-16.07.37:558][  0]SourceControl: 소스 컨트롤이 꺼졌습니다.
[2022.06.20-16.07.37:558][  0]SourceControl: 소스 컨트롤이 꺼졌습니다.
[2022.06.20-16.07.37:559][  0]SourceControl: 소스 컨트롤이 꺼졌습니다.
[2022.06.20-16.07.37:589][  0]LogAndroidPermission: UAndroidPermissionCallbackProxy::GetInstance
[2022.06.20-16.07.37:595][  0]LogAudioCaptureCore: Display: No Audio Capture implementations found. Audio input will be silent.
[2022.06.20-16.07.37:595][  0]LogAudioCaptureCore: Display: No Audio Capture implementations found. Audio input will be silent.
[2022.06.20-16.07.37:643][  0]LogOcInput: OculusInput pre-init called
[2022.06.20-16.07.37:650][  0]LogUObjectArray: 52645 objects as part of root set at end of initial load.
[2022.06.20-16.07.37:650][  0]LogUObjectAllocator: 9318280 out of 0 bytes used by permanent object pool.
[2022.06.20-16.07.37:650][  0]LogUObjectArray: CloseDisregardForGC: 0/0 objects in disregard for GC pool
[2022.06.20-16.07.37:695][  0]LogEngine: Initializing Engine...
[2022.06.20-16.07.37:696][  0]LogHMD: Failed to initialize OpenVR with code 110
[2022.06.20-16.07.37:697][  0]LogStats: UGameplayTagsManager::InitializeManager -  0.000 s
[2022.06.20-16.07.37:845][  0]LogInit: Initializing FReadOnlyCVARCache
[2022.06.20-16.07.37:846][  0]LogAudioMixer: Display: Audio Mixer Platform Settings:
[2022.06.20-16.07.37:846][  0]LogAudioMixer: Display: 	Sample Rate:						  48000
[2022.06.20-16.07.37:846][  0]LogAudioMixer: Display: 	Callback Buffer Frame Size Requested: 1024
[2022.06.20-16.07.37:846][  0]LogAudioMixer: Display: 	Callback Buffer Frame Size To Use:	  1024
[2022.06.20-16.07.37:846][  0]LogAudioMixer: Display: 	Number of buffers to queue:			  2
[2022.06.20-16.07.37:846][  0]LogAudioMixer: Display: 	Max Channels (voices):				  32
[2022.06.20-16.07.37:846][  0]LogAudioMixer: Display: 	Number of Async Source Workers:		  0
[2022.06.20-16.07.37:846][  0]LogAudio: Display: AudioDevice MaxSources: 32
[2022.06.20-16.07.37:847][  0]LogAudio: Display: Using built-in audio occlusion.
[2022.06.20-16.07.37:847][  0]LogAudioMixer: Display: Initializing audio mixer.
[2022.06.20-16.07.38:083][  0]LogAudioMixer: Display: Audio Device Output Speaker Info:
[2022.06.20-16.07.38:083][  0]LogAudioMixer: Display: Name: 헤드폰(Mpow H20 Stereo)
[2022.06.20-16.07.38:083][  0]LogAudioMixer: Display: Is Default: Yes
[2022.06.20-16.07.38:083][  0]LogAudioMixer: Display: Sample Rate: 44100
[2022.06.20-16.07.38:083][  0]LogAudioMixer: Display: Channel Count Used: 2
[2022.06.20-16.07.38:083][  0]LogAudioMixer: Display: Device Channel Count: 2
[2022.06.20-16.07.38:083][  0]LogAudioMixer: Display: Channel Order:
[2022.06.20-16.07.38:083][  0]LogAudioMixer: Display: 0: FrontLeft
[2022.06.20-16.07.38:083][  0]LogAudioMixer: Display: 1: FrontRight
[2022.06.20-16.07.38:124][  0]LogAudioMixer: Display: Using Audio Device 헤드폰(Mpow H20 Stereo)
[2022.06.20-16.07.38:131][  0]LogInit: FAudioDevice initialized.
[2022.06.20-16.07.38:132][  0]LogNetVersion: Set ProjectVersion to 1.0.0.0. Version Checksum will be recalculated on next use.
[2022.06.20-16.07.38:132][  0]LogInit: Texture streaming: Enabled
[2022.06.20-16.07.38:241][  0]LogSlate: Updating window title bar state: overlay mode, drag disabled, window buttons hidden, title bar hidden
[2022.06.20-16.07.38:241][  0]LogInit: Display: Game Engine Initialized.
[2022.06.20-16.07.38:253][  0]LogInit: Display: Starting Game.
[2022.06.20-16.07.38:253][  0]LogNet: Browse: /Game/StarterBundle/ModularScifiHallways/Maps/Mainmenu?Name=Player
[2022.06.20-16.07.38:253][  0]LogLoad: LoadMap: /Game/StarterBundle/ModularScifiHallways/Maps/Mainmenu?Name=Player
[2022.06.20-16.07.38:253][  0]LogWorld: BeginTearingDown for /Temp/Untitled_0
[2022.06.20-16.07.38:254][  0]LogWorld: UWorld::CleanupWorld for Untitled, bSessionEnded=true, bCleanupResources=true
[2022.06.20-16.07.38:254][  0]LogSlate: InvalidateAllWidgets triggered.  All widgets were invalidated
[2022.06.20-16.07.38:275][  0]LogAudioMixer: Display: No commands were queued while flushing the source manager.
[2022.06.20-16.07.38:275][  0]LogUObjectHash: Compacting FUObjectHashTables data took   1.60ms
[2022.06.20-16.07.38:321][  0]LogAIModule: Creating AISystem for world Mainmenu
[2022.06.20-16.07.38:321][  0]LogUObjectGlobals: Warning: '{FileName}': 파일을 찾을 수 없습니다. 로드에 실패했습니다.
[2022.06.20-16.07.38:321][  0]LogUObjectGlobals: Warning: '{FileName}': 파일을 찾을 수 없습니다. 로드에 실패했습니다.
[2022.06.20-16.07.38:321][  0]LogUObjectGlobals: Warning: 'Class /Game/StarterBundle/NewBlueprint.NewBlueprint_C' 오브젝트를 찾는 데 실패했습니다.
[2022.06.20-16.07.38:321][  0]LogLoad: Game class is 'GameModeBase'
[2022.06.20-16.07.38:322][  0]LogWorld: Bringing World /Game/StarterBundle/ModularScifiHallways/Maps/Mainmenu.Mainmenu up for play (max tick rate 0) at 2022.06.21-01.07.38
[2022.06.20-16.07.38:322][  0]LogWorld: Bringing up level for play took: 0.000331
[2022.06.20-16.07.38:323][  0]LogGameMode: FindPlayerStart: PATHS NOT DEFINED or NO PLAYERSTART with positive rating
[2022.06.20-16.07.38:327][  0]LogSlate: Took 0.000250 seconds to synchronously load lazily loaded font '../../../Engine/Content/Slate/Fonts/Roboto-Regular.ttf' (155K)
[2022.06.20-16.07.38:329][  0]LogSlate: Took 0.001475 seconds to synchronously load lazily loaded font '../../../Engine/Content/Slate/Fonts/DroidSansFallback.ttf' (3848K)
[2022.06.20-16.07.38:330][  0]LogLoad: Took 0.076958 seconds to LoadMap(/Game/StarterBundle/ModularScifiHallways/Maps/Mainmenu)
[2022.06.20-16.07.38:372][  0]LogRenderer: Reallocating scene render targets to support 1280x720 Format 10 NumSamples 1 (Frame:1).
[2022.06.20-16.07.38:372][  0]LogLoad: (Engine Initialization) Total time: 4.82 seconds
[2022.06.20-16.07.38:372][  0]LogLoad: (Engine Initialization) Total Blueprint compile time: 0.00 seconds
[2022.06.20-16.07.38:377][  0]LogContentStreaming: Texture pool size now 1000 MB
[2022.06.20-16.07.38:380][  0]LogSlate: InvalidateAllWidgets triggered.  All widgets were invalidated
[2022.06.20-16.07.38:414][  1]LogSlate: Took 0.000225 seconds to synchronously load lazily loaded font '../../../Engine/Content/Slate/Fonts/Roboto-Regular.ttf' (155K)
[2022.06.20-16.07.41:227][ 35]LogSlate: Took 0.001875 seconds to synchronously load lazily loaded font '../../../Engine/Content/Slate/Fonts/DroidSansFallback.ttf' (3848K)
[2022.06.20-16.07.42:383][824]r.SetRes = "640x480"
[2022.06.20-16.07.42:409][824]LogRenderer: Reallocating scene render targets to support 640x480 Format 10 NumSamples 1 (Frame:2826).
[2022.06.20-16.07.43:224][298]r.SetRes = "1920x1080"
[2022.06.20-16.07.43:247][298]LogRenderer: Reallocating scene render targets to support 1920x1080 Format 10 NumSamples 1 (Frame:3302).
[2022.06.20-16.07.44:236][674]r.SetRes = "1280x720"
[2022.06.20-16.07.44:279][675]LogRenderer: Reallocating scene render targets to support 1280x720 Format 10 NumSamples 1 (Frame:3682).
[2022.06.20-16.07.46:549][ 71]LogPackageName: SearchForPackageOnDisk took   0.127s to resolve Level1.umap.
[2022.06.20-16.07.46:678][ 71]LogPackageName: SearchForPackageOnDisk took   0.128s to resolve Level1.umap.
[2022.06.20-16.07.46:678][ 71]LogNet: Browse: /Game/StarterBundle/ModularScifiHallways/Maps/Level1
[2022.06.20-16.07.46:678][ 71]LogLoad: LoadMap: /Game/StarterBundle/ModularScifiHallways/Maps/Level1
[2022.06.20-16.07.46:678][ 71]LogWorld: BeginTearingDown for /Game/StarterBundle/ModularScifiHallways/Maps/Mainmenu
[2022.06.20-16.07.46:679][ 71]LogWorld: UWorld::CleanupWorld for Mainmenu, bSessionEnded=true, bCleanupResources=true
[2022.06.20-16.07.46:679][ 71]LogSlate: InvalidateAllWidgets triggered.  All widgets were invalidated
[2022.06.20-16.07.46:707][ 71]LogAudioMixer: Display: No commands were queued while flushing the source manager.
[2022.06.20-16.07.46:713][ 71]LogUObjectHash: Compacting FUObjectHashTables data took   3.40ms
[2022.06.20-16.07.46:883][ 71]LogUObjectGlobals: Warning: '../../../../../../Users/serio/Spyball/Spy_Ball/Content/asset/StarterContent/Shapes/Shape_Sphere.uasset' 로드 도중 '/Game/StarterContent/Materials/M_Basic_Wall' 로드에 실패했습니다: 파일을 찾을 수 없습니다.
[2022.06.20-16.07.46:883][ 71]LogUObjectGlobals: Warning: '../../../../../../Users/serio/Spyball/Spy_Ball/Content/asset/StarterContent/Shapes/Shape_Sphere.uasset' 로드 도중 '/Game/StarterContent/Materials/M_Basic_Wall' 로드에 실패했습니다: 애셋에 대한 파일을 찾을 수 없습니다.
[2022.06.20-16.07.47:102][ 71]LogAIModule: Creating AISystem for world Level1
[2022.06.20-16.07.47:102][ 71]LogLoad: Game class is 'GameModeBase'
[2022.06.20-16.07.47:120][ 71]LogWorld: Bringing World /Game/StarterBundle/ModularScifiHallways/Maps/Level1.Level1 up for play (max tick rate 0) at 2022.06.21-01.07.47
[2022.06.20-16.07.47:120][ 71]LogWorld: Bringing up level for play took: 0.017331
[2022.06.20-16.07.47:121][ 71]LogGameMode: FindPlayerStart: PATHS NOT DEFINED or NO PLAYERSTART with positive rating
[2022.06.20-16.07.47:123][ 71]LogLoad: Took 0.445256 seconds to LoadMap(/Game/StarterBundle/ModularScifiHallways/Maps/Level1)
[2022.06.20-16.08.21:687][330]LogBlueprintUserMessages: [GoToNextLevel_5] Level9
[2022.06.20-16.08.21:831][330]LogPackageName: SearchForPackageOnDisk took   0.143s to resolve Level9.umap.
[2022.06.20-16.08.21:971][331]LogPackageName: SearchForPackageOnDisk took   0.138s to resolve Level9.umap.
[2022.06.20-16.08.21:971][331]LogNet: Browse: /Game/StarterBundle/ModularScifiHallways/Maps/Level9
[2022.06.20-16.08.21:971][331]LogLoad: LoadMap: /Game/StarterBundle/ModularScifiHallways/Maps/Level9
[2022.06.20-16.08.21:971][331]LogWorld: BeginTearingDown for /Game/StarterBundle/ModularScifiHallways/Maps/Level1
[2022.06.20-16.08.21:972][331]LogWorld: UWorld::CleanupWorld for Level1, bSessionEnded=true, bCleanupResources=true
[2022.06.20-16.08.21:974][331]LogSlate: InvalidateAllWidgets triggered.  All widgets were invalidated
[2022.06.20-16.08.22:015][331]LogAudioMixer: Display: Flush succeeded in the source manager command queue (1).
[2022.06.20-16.08.22:015][331]LogAudioMixer: Display: Flush succeeded the source manager command queue (2).
[2022.06.20-16.08.22:015][331]LogAudio: Display: Waited 39.793598 ms for audio thread.
[2022.06.20-16.08.22:057][331]LogUObjectHash: Compacting FUObjectHashTables data took   1.62ms
[2022.06.20-16.08.22:732][331]LogUObjectGlobals: Warning: '../../../../../../Users/serio/Spyball/Spy_Ball/Content/asset/StarterContent/Shapes/Shape_Sphere.uasset' 로드 도중 '/Game/StarterContent/Materials/M_Basic_Wall' 로드에 실패했습니다: 파일을 찾을 수 없습니다.
[2022.06.20-16.08.22:732][331]LogUObjectGlobals: Warning: '../../../../../../Users/serio/Spyball/Spy_Ball/Content/asset/StarterContent/Shapes/Shape_Sphere.uasset' 로드 도중 '/Game/StarterContent/Materials/M_Basic_Wall' 로드에 실패했습니다: 애셋에 대한 파일을 찾을 수 없습니다.
[2022.06.20-16.08.22:791][331]LogUObjectGlobals: Warning: '../../../../../../Users/serio/Spyball/Spy_Ball/Content/asset/StarterContent/Shapes/Shape_Cube.uasset' 로드 도중 '/Game/StarterContent/Materials/M_Basic_Wall' 로드에 실패했습니다: 파일을 찾을 수 없습니다.
[2022.06.20-16.08.22:791][331]LogUObjectGlobals: Warning: '../../../../../../Users/serio/Spyball/Spy_Ball/Content/asset/StarterContent/Shapes/Shape_Cube.uasset' 로드 도중 '/Game/StarterContent/Materials/M_Basic_Wall' 로드에 실패했습니다: 애셋에 대한 파일을 찾을 수 없습니다.
[2022.06.20-16.08.24:098][331]LogAIModule: Creating AISystem for world Level9
[2022.06.20-16.08.24:099][331]LogLoad: Game class is 'GameModeBase'
[2022.06.20-16.08.24:188][331]LogWorld: Bringing World /Game/StarterBundle/ModularScifiHallways/Maps/Level9.Level9 up for play (max tick rate 0) at 2022.06.21-01.08.24
[2022.06.20-16.08.24:195][331]LogWorld: Bringing up level for play took: 0.096213
[2022.06.20-16.08.24:196][331]LogGameMode: FindPlayerStart: PATHS NOT DEFINED or NO PLAYERSTART with positive rating
[2022.06.20-16.08.24:204][331]LogLoad: Took 2.233405 seconds to LoadMap(/Game/StarterBundle/ModularScifiHallways/Maps/Level9)
[2022.06.20-16.08.34:363][363]LogBlueprintUserMessages: [PlayerStart] NINJA : true
[2022.06.20-16.08.59:841][668]LogSlate: Window 'Spy_Ball (64 비트, PCD3D_SM5) ' being destroyed
[2022.06.20-16.08.59:847][668]LogWindowsTextInputMethodSystem: Display: IME system now activated using TSF (Microsoft 입력기).
[2022.06.20-16.08.59:855][668]LogSlate: Updating window title bar state: overlay mode, drag disabled, window buttons hidden, title bar hidden
[2022.06.20-16.08.59:855][668]LogEngine: All Windows Closed
[2022.06.20-16.08.59:855][668]LogWindows: FPlatformMisc::RequestExit(0)
[2022.06.20-16.08.59:855][668]LogCore: Engine exit requested (reason: Win RequestExit)
[2022.06.20-16.08.59:857][669]LogCore: Engine exit requested (reason: EngineExit() was called; note: exit was already requested)
[2022.06.20-16.08.59:874][669]LogAudioMixer: Display: Flush succeeded in the source manager command queue (1).
[2022.06.20-16.08.59:905][669]LogAudioMixer: Display: Flush succeeded the source manager command queue (2).
[2022.06.20-16.08.59:910][669]LogInit: Display: PreExit Game.
[2022.06.20-16.08.59:910][669]LogWorld: BeginTearingDown for /Game/StarterBundle/ModularScifiHallways/Maps/Level9
[2022.06.20-16.08.59:912][669]LogWorld: UWorld::CleanupWorld for Level9, bSessionEnded=true, bCleanupResources=true
[2022.06.20-16.08.59:923][669]LogSlate: InvalidateAllWidgets triggered.  All widgets were invalidated
[2022.06.20-16.09.00:741][669]LogExit: Preparing to exit.
[2022.06.20-16.09.01:580][669]LogMoviePlayer: Shutting down movie player
[2022.06.20-16.09.01:691][669]LogSlate: Updating window title bar state: overlay mode, drag disabled, window buttons hidden, title bar hidden
[2022.06.20-16.09.01:749][669]LogDemo: Cleaned up 0 splitscreen connections with owner deletion
[2022.06.20-16.09.01:750][669]LogExit: Game engine shut down
[2022.06.20-16.09.01:882][669]LogExit: Object subsystem successfully closed.
[2022.06.20-16.09.01:898][669]LogShaderCompilers: Display: Shaders left to compile 0
[2022.06.20-16.09.01:924][669]LogModuleManager: Shutting down and abandoning module SequenceRecorderSections (434)
[2022.06.20-16.09.01:924][669]LogModuleManager: Shutting down and abandoning module SequenceRecorder (432)
[2022.06.20-16.09.01:924][669]LogModuleManager: Shutting down and abandoning module AutomationController (430)
[2022.06.20-16.09.01:924][669]LogModuleManager: Shutting down and abandoning module AutomationWorker (428)
[2022.06.20-16.09.01:925][669]LogModuleManager: Shutting down and abandoning module Voice (426)
[2022.06.20-16.09.01:925][669]LogModuleManager: Shutting down and abandoning module AIModule (424)
[2022.06.20-16.09.01:925][669]LogModuleManager: Shutting down and abandoning module GameplayDebugger (423)
[2022.06.20-16.09.01:925][669]LogModuleManager: Shutting down and abandoning module AITestSuite (421)
[2022.06.20-16.09.01:925][669]LogModuleManager: Shutting down and abandoning module NavigationSystem (419)
[2022.06.20-16.09.01:925][669]LogModuleManager: Shutting down and abandoning module OculusMR (416)
[2022.06.20-16.09.01:925][669]LogModuleManager: Shutting down and abandoning module WmfMediaFactory (414)
[2022.06.20-16.09.01:925][669]LogModuleManager: Shutting down and abandoning module WebMMediaFactory (412)
[2022.06.20-16.09.01:925][669]LogModuleManager: Shutting down and abandoning module WebMMedia (410)
[2022.06.20-16.09.01:925][669]LogModuleManager: Shutting down and abandoning module OpenExrWrapper (408)
[2022.06.20-16.09.01:925][669]LogModuleManager: Shutting down and abandoning module ImgMediaFactory (406)
[2022.06.20-16.09.01:925][669]LogModuleManager: Shutting down and abandoning module AvfMediaFactory (404)
[2022.06.20-16.09.01:925][669]LogModuleManager: Shutting down and abandoning module MagicLeapMediaCodecFactory (402)
[2022.06.20-16.09.01:925][669]LogModuleManager: Shutting down and abandoning module MagicLeapMediaFactory (400)
[2022.06.20-16.09.01:925][669]LogModuleManager: Shutting down and abandoning module CharacterAI (398)
[2022.06.20-16.09.01:925][669]LogModuleManager: Shutting down and abandoning module SessionServices (396)
[2022.06.20-16.09.01:925][669]LogModuleManager: Shutting down and abandoning module MovieSceneCapture (394)
[2022.06.20-16.09.01:925][669]LogModuleManager: Shutting down and abandoning module LiveCoding (392)
[2022.06.20-16.09.01:925][669]LogModuleManager: Shutting down and abandoning module LevelSequence (390)
[2022.06.20-16.09.01:925][669]LogModuleManager: Shutting down and abandoning module MovieSceneTracks (388)
[2022.06.20-16.09.01:925][669]LogModuleManager: Shutting down and abandoning module MovieScene (386)
[2022.06.20-16.09.01:925][669]LogModuleManager: Shutting down and abandoning module StreamingPauseRendering (384)
[2022.06.20-16.09.01:925][669]LogModuleManager: Shutting down and abandoning module PortalServices (382)
[2022.06.20-16.09.01:925][669]LogModuleManager: Shutting down and abandoning module PortalRpc (380)
[2022.06.20-16.09.01:925][669]LogModuleManager: Shutting down and abandoning module MessagingRpc (378)
[2022.06.20-16.09.01:925][669]LogModuleManager: Shutting down and abandoning module AudioMixerXAudio2 (376)
[2022.06.20-16.09.01:925][669]LogModuleManager: Shutting down and abandoning module ImageWriteQueue (374)
[2022.06.20-16.09.01:927][669]LogModuleManager: Shutting down and abandoning module ProfilerService (372)
[2022.06.20-16.09.02:083][669]LogModuleManager: Shutting down and abandoning module TaskGraph (370)
[2022.06.20-16.09.02:083][669]LogModuleManager: Shutting down and abandoning module ProceduralMeshComponent (368)
[2022.06.20-16.09.02:083][669]LogModuleManager: Shutting down and abandoning module OculusInput (366)
[2022.06.20-16.09.02:083][669]LogModuleManager: Shutting down and abandoning module MobilePatchingUtils (364)
[2022.06.20-16.09.02:083][669]LogModuleManager: Shutting down and abandoning module EditableMesh (362)
[2022.06.20-16.09.02:083][669]LogModuleManager: Shutting down and abandoning module CustomMeshComponent (360)
[2022.06.20-16.09.02:083][669]LogModuleManager: Shutting down and abandoning module CableComponent (358)
[2022.06.20-16.09.02:083][669]LogModuleManager: Shutting down and abandoning module AudioCapture (356)
[2022.06.20-16.09.02:083][669]LogModuleManager: Shutting down and abandoning module AudioCaptureRtAudio (355)
[2022.06.20-16.09.02:083][669]LogModuleManager: Shutting down and abandoning module AssetTags (352)
[2022.06.20-16.09.02:083][669]LogModuleManager: Shutting down and abandoning module ArchVisCharacter (350)
[2022.06.20-16.09.02:083][669]LogModuleManager: Shutting down and abandoning module AppleImageUtilsBlueprintSupport (348)
[2022.06.20-16.09.02:083][669]LogModuleManager: Shutting down and abandoning module AppleImageUtils (346)
[2022.06.20-16.09.02:083][669]LogModuleManager: Shutting down and abandoning module AndroidPermission (344)
[2022.06.20-16.09.02:083][669]LogModuleManager: Shutting down and abandoning module NUTUnrealEngine4 (342)
[2022.06.20-16.09.02:083][669]LogModuleManager: Shutting down and abandoning module NetcodeUnitTest (340)
[2022.06.20-16.09.02:083][669]LogModuleManager: Shutting down and abandoning module MediaCompositing (338)
[2022.06.20-16.09.02:083][669]LogModuleManager: Shutting down and abandoning module ImgMedia (336)
[2022.06.20-16.09.02:083][669]LogModuleManager: Shutting down and abandoning module MagicLeapHelperVulkan (334)
[2022.06.20-16.09.02:083][669]LogModuleManager: Shutting down and abandoning module MagicLeapHelperOpenGL (332)
[2022.06.20-16.09.02:083][669]LogModuleManager: Shutting down and abandoning module MagicLeapAudio (330)
[2022.06.20-16.09.02:083][669]LogModuleManager: Shutting down and abandoning module GeometryCacheTracks (328)
[2022.06.20-16.09.02:083][669]LogModuleManager: Shutting down and abandoning module GeometryCacheSequencer (327)
[2022.06.20-16.09.02:083][669]LogModuleManager: Shutting down and abandoning module GeometryCache (324)
[2022.06.20-16.09.02:083][669]LogModuleManager: Shutting down and abandoning module GeometryCacheEd (323)
[2022.06.20-16.09.02:083][669]LogModuleManager: Shutting down and abandoning module BackChannel (320)
[2022.06.20-16.09.02:083][669]LogModuleManager: Shutting down and abandoning module AutomationUtils (318)
[2022.06.20-16.09.02:083][669]LogModuleManager: Shutting down and abandoning module VisualStudioSourceCodeAccess (316)
[2022.06.20-16.09.02:083][669]LogModuleManager: Shutting down and abandoning module HotReload (315)
[2022.06.20-16.09.02:083][669]LogModuleManager: Shutting down and abandoning module DirectoryWatcher (314)
[2022.06.20-16.09.02:083][669]LogModuleManager: Shutting down and abandoning module VisualStudioCodeSourceCodeAccess (310)
[2022.06.20-16.09.02:083][669]LogModuleManager: Shutting down and abandoning module UObjectPlugin (308)
[2022.06.20-16.09.02:083][669]LogModuleManager: Shutting down and abandoning module SubversionSourceControl (306)
[2022.06.20-16.09.02:083][669]LogModuleManager: Shutting down and abandoning module PerforceSourceControl (304)
[2022.06.20-16.09.02:083][669]LogModuleManager: Shutting down and abandoning module SourceControl (303)
[2022.06.20-16.09.02:083][669]LogModuleManager: Shutting down and abandoning module CLionSourceCodeAccess (300)
[2022.06.20-16.09.02:083][669]LogModuleManager: Shutting down and abandoning module ActorLayerUtilities (298)
[2022.06.20-16.09.02:083][669]LogModuleManager: Shutting down and abandoning module SignificanceManager (296)
[2022.06.20-16.09.02:083][669]LogModuleManager: Shutting down and abandoning module RuntimePhysXCooking (294)
[2022.06.20-16.09.02:083][669]LogModuleManager: Shutting down and abandoning module PhysXVehiclesEditor (292)
[2022.06.20-16.09.02:083][669]LogModuleManager: Shutting down and abandoning module LocationServicesBPLibrary (288)
[2022.06.20-16.09.02:083][669]LogModuleManager: Shutting down and abandoning module ActorSequence (286)
[2022.06.20-16.09.02:083][669]LogModuleManager: Shutting down and abandoning module UdpMessaging (284)
[2022.06.20-16.09.02:184][669]LogModuleManager: Shutting down and abandoning module TcpMessaging (282)
[2022.06.20-16.09.02:580][669]LogModuleManager: Shutting down and abandoning module MagicLeapPrivileges (280)
[2022.06.20-16.09.02:580][669]LogModuleManager: Shutting down and abandoning module MagicLeapPlanes (278)
[2022.06.20-16.09.02:580][669]LogMagicLeapPlanes: Planes tracker already destroyed.
[2022.06.20-16.09.02:580][669]LogModuleManager: Shutting down and abandoning module MagicLeapIdentity (276)
[2022.06.20-16.09.02:580][669]LogModuleManager: Shutting down and abandoning module MagicLeapSecureStorage (274)
[2022.06.20-16.09.02:580][669]LogModuleManager: Shutting down and abandoning module MagicLeapImageTracker (272)
[2022.06.20-16.09.02:580][669]LogModuleManager: Shutting down and abandoning module MagicLeapHandTracking (270)
[2022.06.20-16.09.02:580][669]LogModuleManager: Shutting down and abandoning module MagicLeapHandMeshing (268)
[2022.06.20-16.09.02:580][669]LogModuleManager: Shutting down and abandoning module MagicLeapEyeTracker (266)
[2022.06.20-16.09.02:580][669]LogModuleManager: Shutting down and abandoning module MagicLeapController (264)
[2022.06.20-16.09.02:580][669]LogSlate: Slate User Destroyed.  User Index 0, Is Virtual User: 0
[2022.06.20-16.09.02:580][669]LogModuleManager: Shutting down and abandoning module MagicLeapARPin (262)
[2022.06.20-16.09.02:580][669]LogModuleManager: Shutting down and abandoning module MagicLeapAR (260)
[2022.06.20-16.09.02:580][669]LogModuleManager: Shutting down and abandoning module AugmentedReality (259)
[2022.06.20-16.09.02:580][669]LogModuleManager: Shutting down and abandoning module GameplayTagsEditor (256)
[2022.06.20-16.09.02:580][669]LogModuleManager: Shutting down and abandoning module FacialAnimation (254)
[2022.06.20-16.09.02:580][669]LogModuleManager: Shutting down and abandoning module AssetManagerEditor (252)
[2022.06.20-16.09.02:580][669]LogModuleManager: Shutting down and abandoning module TreeMap (251)
[2022.06.20-16.09.02:580][669]LogModuleManager: Shutting down and abandoning module AnimationSharing (248)
[2022.06.20-16.09.02:580][669]LogModuleManager: Shutting down and abandoning module LightPropagationVolumeRuntime (246)
[2022.06.20-16.09.02:580][669]LogModuleManager: Shutting down and abandoning module Paper2D (244)
[2022.06.20-16.09.02:580][669]LogModuleManager: Shutting down and abandoning module WindowsMoviePlayer (242)
[2022.06.20-16.09.02:581][669]LogModuleManager: Shutting down and abandoning module WebMMoviePlayer (240)
[2022.06.20-16.09.02:581][669]LogModuleManager: Shutting down and abandoning module NetworkReplayStreaming (238)
[2022.06.20-16.09.02:581][669]LogModuleManager: Shutting down and abandoning module PacketHandler (236)
[2022.06.20-16.09.02:581][669]LogModuleManager: Shutting down and abandoning module ClothingSystemEditor (234)
[2022.06.20-16.09.02:581][669]LogModuleManager: Shutting down and abandoning module ClothingSystemRuntimeNv (232)
[2022.06.20-16.09.02:581][669]LogModuleManager: Shutting down and abandoning module MediaAssets (230)
[2022.06.20-16.09.02:581][669]LogModuleManager: Shutting down and abandoning module Overlay (228)
[2022.06.20-16.09.02:581][669]LogModuleManager: Shutting down and abandoning module OverlayEditor (227)
[2022.06.20-16.09.02:581][669]LogModuleManager: Shutting down and abandoning module VREditor (224)
[2022.06.20-16.09.02:581][669]LogModuleManager: Shutting down and abandoning module StringTableEditor (222)
[2022.06.20-16.09.02:581][669]LogModuleManager: Shutting down and abandoning module GameplayTasksEditor (220)
[2022.06.20-16.09.02:581][669]LogModuleManager: Shutting down and abandoning module BehaviorTreeEditor (218)
[2022.06.20-16.09.02:582][669]LogModuleManager: Shutting down and abandoning module FunctionalTesting (216)
[2022.06.20-16.09.02:582][669]LogModuleManager: Shutting down and abandoning module CollisionAnalyzer (214)
[2022.06.20-16.09.02:582][669]LogModuleManager: Shutting down and abandoning module WorkspaceMenuStructure (213)
[2022.06.20-16.09.02:582][669]LogModuleManager: Shutting down and abandoning module UMG (210)
[2022.06.20-16.09.02:582][669]LogModuleManager: Shutting down and abandoning module UMGEditor (209)
[2022.06.20-16.09.02:582][669]LogModuleManager: Shutting down and abandoning module Sequencer (208)
[2022.06.20-16.09.02:582][669]LogModuleManager: Shutting down and abandoning module MessageLog (205)
[2022.06.20-16.09.02:582][669]LogModuleManager: Shutting down and abandoning module SlateReflector (200)
[2022.06.20-16.09.02:582][669]LogModuleManager: Shutting down and abandoning module Slate (198)
[2022.06.20-16.09.02:582][669]LogModuleManager: Shutting down and abandoning module SlateCore (196)
[2022.06.20-16.09.02:582][669]LogModuleManager: Shutting down and abandoning module LandscapeEditorUtilities (194)
[2022.06.20-16.09.02:582][669]LogModuleManager: Shutting down and abandoning module EditorStyle (192)
[2022.06.20-16.09.02:582][669]LogModuleManager: Shutting down and abandoning module UnrealEd (190)
[2022.06.20-16.09.02:582][669]LogModuleManager: Shutting down and abandoning module MRMesh (188)
[2022.06.20-16.09.02:582][669]LogModuleManager: Shutting down and abandoning module Messaging (186)
[2022.06.20-16.09.02:583][669]LogModuleManager: Shutting down and abandoning module SourceCodeAccess (184)
[2022.06.20-16.09.02:583][669]LogModuleManager: Shutting down and abandoning module HeadMountedDisplay (182)
[2022.06.20-16.09.02:583][669]LogModuleManager: Shutting down and abandoning module XAudio2 (180)
[2022.06.20-16.09.02:583][669]LogModuleManager: Shutting down and abandoning module Networking (178)
[2022.06.20-16.09.02:583][669]LogModuleManager: Shutting down and abandoning module Core (176)
[2022.06.20-16.09.02:583][669]LogModuleManager: Shutting down and abandoning module MovieSceneTools (174)
[2022.06.20-16.09.02:583][669]LogModuleManager: Shutting down and abandoning module KismetCompiler (172)
[2022.06.20-16.09.02:583][669]LogModuleManager: Shutting down and abandoning module MeshUtilities (170)
[2022.06.20-16.09.02:583][669]LogModuleManager: Shutting down and abandoning module MeshMergeUtilities (169)
[2022.06.20-16.09.02:583][669]LogModuleManager: Shutting down and abandoning module MeshReductionInterface (168)
[2022.06.20-16.09.02:583][669]LogModuleManager: Shutting down and abandoning module MeshBoneReduction (167)
[2022.06.20-16.09.02:583][669]LogModuleManager: Shutting down and abandoning module SkeletalMeshReduction (165)
[2022.06.20-16.09.02:583][669]LogModuleManager: Shutting down and abandoning module ProxyLODMeshReduction (163)
[2022.06.20-16.09.02:583][669]LogModuleManager: Shutting down and abandoning module QuadricMeshReduction (161)
[2022.06.20-16.09.02:583][669]LogModuleManager: Shutting down and abandoning module MaterialBaking (157)
[2022.06.20-16.09.02:583][669]LogModuleManager: Shutting down and abandoning module NullInstallBundleManager (152)
[2022.06.20-16.09.02:583][669]LogModuleManager: Shutting down and abandoning module PIEPreviewDeviceProfileSelector (150)
[2022.06.20-16.09.02:583][669]LogModuleManager: Shutting down and abandoning module DerivedDataCache (148)
[2022.06.20-16.09.02:583][669]LogDerivedDataCache: Shutdown
[2022.06.20-16.09.02:583][669]LogModuleManager: Shutting down and abandoning module XGEController (146)
[2022.06.20-16.09.02:583][669]LogModuleManager: Shutting down and abandoning module TargetPlatform (144)
[2022.06.20-16.09.02:583][669]LogModuleManager: Shutting down and abandoning module VulkanShaderFormat (143)
[2022.06.20-16.09.02:583][669]LogModuleManager: Shutting down and abandoning module ShaderFormatVectorVM (141)
[2022.06.20-16.09.02:583][669]LogModuleManager: Shutting down and abandoning module ShaderFormatOpenGL (139)
[2022.06.20-16.09.02:583][669]LogModuleManager: Shutting down and abandoning module ShaderFormatD3D (137)
[2022.06.20-16.09.02:583][669]LogModuleManager: Shutting down and abandoning module MetalShaderFormat (135)
[2022.06.20-16.09.02:583][669]LogModuleManager: Shutting down and abandoning module TextureFormatUncompressed (133)
[2022.06.20-16.09.02:583][669]LogModuleManager: Shutting down and abandoning module TextureFormatPVR (131)
[2022.06.20-16.09.02:583][669]LogModuleManager: Shutting down and abandoning module TextureFormatDXT (129)
[2022.06.20-16.09.02:583][669]LogModuleManager: Shutting down and abandoning module TextureFormatIntelISPCTexComp (127)
[2022.06.20-16.09.02:583][669]LogModuleManager: Shutting down and abandoning module TextureFormatASTC (125)
[2022.06.20-16.09.02:583][669]LogModuleManager: Shutting down and abandoning module ImageWrapper (124)
[2022.06.20-16.09.02:583][669]LogModuleManager: Shutting down and abandoning module TextureFormatAndroid (121)
[2022.06.20-16.09.02:583][669]LogModuleManager: Shutting down and abandoning module AudioFormatOpus (119)
[2022.06.20-16.09.02:583][669]LogModuleManager: Shutting down and abandoning module AudioFormatOgg (117)
[2022.06.20-16.09.02:583][669]LogModuleManager: Shutting down and abandoning module AudioFormatADPCM (115)
[2022.06.20-16.09.02:584][669]LogModuleManager: Shutting down and abandoning module WindowsServerTargetPlatform (113)
[2022.06.20-16.09.02:584][669]LogModuleManager: Shutting down and abandoning module WindowsClientTargetPlatform (111)
[2022.06.20-16.09.02:584][669]LogModuleManager: Shutting down and abandoning module WindowsTargetPlatform (109)
[2022.06.20-16.09.02:584][669]LogModuleManager: Shutting down and abandoning module WindowsNoEditorTargetPlatform (107)
[2022.06.20-16.09.02:584][669]LogModuleManager: Shutting down and abandoning module InputCore (104)
[2022.06.20-16.09.02:584][669]LogModuleManager: Shutting down and abandoning module Settings (102)
[2022.06.20-16.09.02:584][669]LogModuleManager: Shutting down and abandoning module PhysXCooking (100)
[2022.06.20-16.09.02:584][669]LogModuleManager: Shutting down and abandoning module ChaosSolvers (98)
[2022.06.20-16.09.02:584][669]LogModuleManager: Shutting down and abandoning module FieldSystemEngine (97)
[2022.06.20-16.09.02:584][669]LogModuleManager: Shutting down and abandoning module Chaos (94)
[2022.06.20-16.09.02:584][669]LogModuleManager: Shutting down and abandoning module WindowsPlatformFeatures (92)
[2022.06.20-16.09.02:584][669]LogModuleManager: Shutting down and abandoning module GameplayMediaEncoder (91)
[2022.06.20-16.09.02:584][669]LogModuleManager: Shutting down and abandoning module SteamVRInputDevice (88)
[2022.06.20-16.09.02:584][669]LogModuleManager: Shutting down and abandoning module SteamVRInput (86)
[2022.06.20-16.09.02:584][669]LogModuleManager: Shutting down and abandoning module SteamVR (84)
[2022.06.20-16.09.02:584][669]LogHMD: Freeing OpenVRDLLHandle.
[2022.06.20-16.09.02:584][669]LogModuleManager: Shutting down and abandoning module OculusHMD (82)
[2022.06.20-16.09.02:584][669]LogModuleManager: Shutting down and abandoning module ExampleDeviceProfileSelector (80)
[2022.06.20-16.09.02:584][669]LogModuleManager: Shutting down and abandoning module LauncherChunkInstaller (78)
[2022.06.20-16.09.02:584][669]LogModuleManager: Shutting down and abandoning module OnlineBlueprintSupport (76)
[2022.06.20-16.09.02:584][669]LogModuleManager: Shutting down and abandoning module OnlineSubsystem (72)
[2022.06.20-16.09.02:584][669]LogModuleManager: Shutting down and abandoning module XMPP (67)
[2022.06.20-16.09.02:584][669]LogModuleManager: Shutting down and abandoning module WebSockets (66)
[2022.06.20-16.09.02:618][669]LogModuleManager: Shutting down and abandoning module HTTP (63)
[2022.06.20-16.09.02:644][669]LogModuleManager: Shutting down and abandoning module SSL (62)
[2022.06.20-16.09.02:644][669]LogModuleManager: Shutting down and abandoning module WmfMedia (58)
[2022.06.20-16.09.02:645][669]LogModuleManager: Shutting down and abandoning module Media (57)
[2022.06.20-16.09.02:645][669]LogModuleManager: Shutting down and abandoning module MagicLeap (54)
[2022.06.20-16.09.02:645][669]LogModuleManager: Shutting down and abandoning module VariantManagerContent (52)
[2022.06.20-16.09.02:645][669]LogModuleManager: Shutting down and abandoning module DatasmithContent (50)
[2022.06.20-16.09.02:646][669]LogModuleManager: Shutting down and abandoning module AISupportModule (48)
[2022.06.20-16.09.02:646][669]LogModuleManager: Shutting down and abandoning module DesktopPlatform (46)
[2022.06.20-16.09.02:646][669]LogModuleManager: Shutting down and abandoning module PlatformCryptoOpenSSL (44)
[2022.06.20-16.09.02:646][669]LogModuleManager: Shutting down and abandoning module PlatformCryptoTypes (42)
[2022.06.20-16.09.02:646][669]LogModuleManager: Shutting down and abandoning module PlatformCrypto (40)
[2022.06.20-16.09.02:646][669]LogModuleManager: Shutting down and abandoning module AnimationModifiers (38)
[2022.06.20-16.09.02:646][669]LogModuleManager: Shutting down and abandoning module PropertyEditor (37)
[2022.06.20-16.09.02:646][669]LogModuleManager: Shutting down and abandoning module AudioEditor (34)
[2022.06.20-16.09.02:646][669]LogModuleManager: Shutting down and abandoning module TextureCompressor (32)
[2022.06.20-16.09.02:646][669]LogModuleManager: Shutting down and abandoning module RenderCore (30)
[2022.06.20-16.09.02:646][669]LogModuleManager: Shutting down and abandoning module Landscape (28)
[2022.06.20-16.09.02:646][669]LogModuleManager: Shutting down and abandoning module SlateRHIRenderer (26)
[2022.06.20-16.09.02:647][669]LogModuleManager: Shutting down and abandoning module OpenGLDrv (24)
[2022.06.20-16.09.02:647][669]LogModuleManager: Shutting down and abandoning module D3D11RHI (22)
[2022.06.20-16.09.02:647][669]LogModuleManager: Shutting down and abandoning module AnimGraphRuntime (20)
[2022.06.20-16.09.02:647][669]LogModuleManager: Shutting down and abandoning module Renderer (18)
[2022.06.20-16.09.02:647][669]LogModuleManager: Shutting down and abandoning module Engine (16)
[2022.06.20-16.09.02:647][669]LogModuleManager: Shutting down and abandoning module CoreUObject (14)
[2022.06.20-16.09.02:647][669]LogModuleManager: Shutting down and abandoning module NetworkFile (12)
[2022.06.20-16.09.02:647][669]LogModuleManager: Shutting down and abandoning module CookedIterativeFile (10)
[2022.06.20-16.09.02:647][669]LogModuleManager: Shutting down and abandoning module StreamingFile (8)
[2022.06.20-16.09.02:647][669]LogModuleManager: Shutting down and abandoning module SandboxFile (6)
[2022.06.20-16.09.02:647][669]LogModuleManager: Shutting down and abandoning module PakFile (4)
[2022.06.20-16.09.02:647][669]LogModuleManager: Shutting down and abandoning module RSA (3)
[2022.06.20-16.09.02:647][669]LogD3D11RHI: Shutdown
[2022.06.20-16.09.02:648][669]LogD3D11RHI: CleanupD3DDevice
[2022.06.20-16.09.02:657][669]LogExit: Exiting.
[2022.06.20-16.09.02:663][669]Log file closed, 06/21/22 01:09:02
